2018-10-01 15:23:24 下午 [Thread: main][ Class:org.springframework.test.context.support.DefaultTestContextBootstrapper >> Method: org.springframework.test.context.support.AbstractTestContextBootstrapper.getDefaultTestExecutionListenerClassNames(AbstractTestContextBootstrapper.java:259) ]
INFO:Loaded default TestExecutionListener class names from location [META-INF/spring.factories]: [org.springframework.test.context.web.ServletTestExecutionListener, org.springframework.test.context.support.DirtiesContextBeforeModesTestExecutionListener, org.springframework.test.context.support.DependencyInjectionTestExecutionListener, org.springframework.test.context.support.DirtiesContextTestExecutionListener, org.springframework.test.context.transaction.TransactionalTestExecutionListener, org.springframework.test.context.jdbc.SqlScriptsTestExecutionListener]
2018-10-01 15:23:24 下午 [Thread: main][ Class:org.springframework.test.context.support.DefaultTestContextBootstrapper >> Method: org.springframework.test.context.support.AbstractTestContextBootstrapper.instantiateListeners(AbstractTestContextBootstrapper.java:207) ]
INFO:Could not instantiate TestExecutionListener [org.springframework.test.context.web.ServletTestExecutionListener]. Specify custom listener classes or make the default listener classes (and their required dependencies) available. Offending class: [javax/servlet/ServletContext]
2018-10-01 15:23:24 下午 [Thread: main][ Class:org.springframework.test.context.support.DefaultTestContextBootstrapper >> Method: org.springframework.test.context.support.AbstractTestContextBootstrapper.instantiateListeners(AbstractTestContextBootstrapper.java:207) ]
INFO:Could not instantiate TestExecutionListener [org.springframework.test.context.transaction.TransactionalTestExecutionListener]. Specify custom listener classes or make the default listener classes (and their required dependencies) available. Offending class: [org/springframework/transaction/interceptor/TransactionAttributeSource]
2018-10-01 15:23:24 下午 [Thread: main][ Class:org.springframework.test.context.support.DefaultTestContextBootstrapper >> Method: org.springframework.test.context.support.AbstractTestContextBootstrapper.instantiateListeners(AbstractTestContextBootstrapper.java:207) ]
INFO:Could not instantiate TestExecutionListener [org.springframework.test.context.jdbc.SqlScriptsTestExecutionListener]. Specify custom listener classes or make the default listener classes (and their required dependencies) available. Offending class: [org/springframework/transaction/interceptor/TransactionAttribute]
2018-10-01 15:23:24 下午 [Thread: main][ Class:org.springframework.test.context.support.DefaultTestContextBootstrapper >> Method: org.springframework.test.context.support.AbstractTestContextBootstrapper.getTestExecutionListeners(AbstractTestContextBootstrapper.java:185) ]
INFO:Using TestExecutionListeners: [org.springframework.test.context.support.DirtiesContextBeforeModesTestExecutionListener@69d9c55, org.springframework.test.context.support.DependencyInjectionTestExecutionListener@13a57a3b, org.springframework.test.context.support.DirtiesContextTestExecutionListener@7ca48474]
2018-10-01 15:23:24 下午 [Thread: main][ Class:org.springframework.beans.factory.xml.XmlBeanDefinitionReader >> Method: org.springframework.beans.factory.xml.XmlBeanDefinitionReader.loadBeanDefinitions(XmlBeanDefinitionReader.java:317) ]
INFO:Loading XML bean definitions from class path resource [test/applicationContext.xml]
2018-10-01 15:23:25 下午 [Thread: main][ Class:org.springframework.context.support.GenericApplicationContext >> Method: org.springframework.context.support.AbstractApplicationContext.prepareRefresh(AbstractApplicationContext.java:578) ]
INFO:Refreshing org.springframework.context.support.GenericApplicationContext@7cd62f43: startup date [Mon Oct 01 15:23:25 CST 2018]; root of context hierarchy
2018-10-01 15:23:26 下午 [Thread: Thread-1][ Class:org.springframework.context.support.GenericApplicationContext >> Method: org.springframework.context.support.AbstractApplicationContext.doClose(AbstractApplicationContext.java:960) ]
INFO:Closing org.springframework.context.support.GenericApplicationContext@7cd62f43: startup date [Mon Oct 01 15:23:25 CST 2018]; root of context hierarchy
2018-10-01 15:28:14 下午 [Thread: main][ Class:org.springframework.test.context.support.DefaultTestContextBootstrapper >> Method: org.springframework.test.context.support.AbstractTestContextBootstrapper.getDefaultTestExecutionListenerClassNames(AbstractTestContextBootstrapper.java:259) ]
INFO:Loaded default TestExecutionListener class names from location [META-INF/spring.factories]: [org.springframework.test.context.web.ServletTestExecutionListener, org.springframework.test.context.support.DirtiesContextBeforeModesTestExecutionListener, org.springframework.test.context.support.DependencyInjectionTestExecutionListener, org.springframework.test.context.support.DirtiesContextTestExecutionListener, org.springframework.test.context.transaction.TransactionalTestExecutionListener, org.springframework.test.context.jdbc.SqlScriptsTestExecutionListener]
2018-10-01 15:28:14 下午 [Thread: main][ Class:org.springframework.test.context.support.DefaultTestContextBootstrapper >> Method: org.springframework.test.context.support.AbstractTestContextBootstrapper.instantiateListeners(AbstractTestContextBootstrapper.java:207) ]
INFO:Could not instantiate TestExecutionListener [org.springframework.test.context.web.ServletTestExecutionListener]. Specify custom listener classes or make the default listener classes (and their required dependencies) available. Offending class: [javax/servlet/ServletContext]
2018-10-01 15:28:14 下午 [Thread: main][ Class:org.springframework.test.context.support.DefaultTestContextBootstrapper >> Method: org.springframework.test.context.support.AbstractTestContextBootstrapper.instantiateListeners(AbstractTestContextBootstrapper.java:207) ]
INFO:Could not instantiate TestExecutionListener [org.springframework.test.context.transaction.TransactionalTestExecutionListener]. Specify custom listener classes or make the default listener classes (and their required dependencies) available. Offending class: [org/springframework/transaction/interceptor/TransactionAttributeSource]
2018-10-01 15:28:14 下午 [Thread: main][ Class:org.springframework.test.context.support.DefaultTestContextBootstrapper >> Method: org.springframework.test.context.support.AbstractTestContextBootstrapper.instantiateListeners(AbstractTestContextBootstrapper.java:207) ]
INFO:Could not instantiate TestExecutionListener [org.springframework.test.context.jdbc.SqlScriptsTestExecutionListener]. Specify custom listener classes or make the default listener classes (and their required dependencies) available. Offending class: [org/springframework/transaction/interceptor/TransactionAttribute]
2018-10-01 15:28:14 下午 [Thread: main][ Class:org.springframework.test.context.support.DefaultTestContextBootstrapper >> Method: org.springframework.test.context.support.AbstractTestContextBootstrapper.getTestExecutionListeners(AbstractTestContextBootstrapper.java:185) ]
INFO:Using TestExecutionListeners: [org.springframework.test.context.support.DirtiesContextBeforeModesTestExecutionListener@69d9c55, org.springframework.test.context.support.DependencyInjectionTestExecutionListener@13a57a3b, org.springframework.test.context.support.DirtiesContextTestExecutionListener@7ca48474]
2018-10-01 15:28:15 下午 [Thread: main][ Class:org.springframework.beans.factory.xml.XmlBeanDefinitionReader >> Method: org.springframework.beans.factory.xml.XmlBeanDefinitionReader.loadBeanDefinitions(XmlBeanDefinitionReader.java:317) ]
INFO:Loading XML bean definitions from class path resource [test/applicationContext.xml]
2018-10-01 15:28:15 下午 [Thread: main][ Class:org.springframework.context.support.GenericApplicationContext >> Method: org.springframework.context.support.AbstractApplicationContext.prepareRefresh(AbstractApplicationContext.java:578) ]
INFO:Refreshing org.springframework.context.support.GenericApplicationContext@7cd62f43: startup date [Mon Oct 01 15:28:15 CST 2018]; root of context hierarchy
2018-10-01 15:28:16 下午 [Thread: Thread-1][ Class:org.springframework.context.support.GenericApplicationContext >> Method: org.springframework.context.support.AbstractApplicationContext.doClose(AbstractApplicationContext.java:960) ]
INFO:Closing org.springframework.context.support.GenericApplicationContext@7cd62f43: startup date [Mon Oct 01 15:28:15 CST 2018]; root of context hierarchy
