2018-10-01 22:10:28 下午 [Thread: main][ Class:org.springframework.test.context.junit4.SpringJUnit4ClassRunner >> Method: org.springframework.test.context.junit4.SpringJUnit4ClassRunner.<init>(SpringJUnit4ClassRunner.java:142) ]
DEBUG:SpringJUnit4ClassRunner constructor called with [class test.Demo02]
2018-10-01 22:10:28 下午 [Thread: main][ Class:org.springframework.test.context.BootstrapUtils >> Method: org.springframework.test.context.BootstrapUtils.createCacheAwareContextLoaderDelegate(BootstrapUtils.java:96) ]
DEBUG:Instantiating CacheAwareContextLoaderDelegate from class [org.springframework.test.context.cache.DefaultCacheAwareContextLoaderDelegate]
2018-10-01 22:10:28 下午 [Thread: main][ Class:org.springframework.test.context.BootstrapUtils >> Method: org.springframework.test.context.BootstrapUtils.createBootstrapContext(BootstrapUtils.java:79) ]
DEBUG:Instantiating BootstrapContext using constructor [public org.springframework.test.context.support.DefaultBootstrapContext(java.lang.Class,org.springframework.test.context.CacheAwareContextLoaderDelegate)]
2018-10-01 22:10:28 下午 [Thread: main][ Class:org.springframework.test.context.BootstrapUtils >> Method: org.springframework.test.context.BootstrapUtils.resolveTestContextBootstrapper(BootstrapUtils.java:146) ]
DEBUG:Instantiating TestContextBootstrapper for test class [test.Demo02] from class [org.springframework.test.context.support.DefaultTestContextBootstrapper]
2018-10-01 22:10:28 下午 [Thread: main][ Class:org.springframework.test.context.support.AbstractDelegatingSmartContextLoader >> Method: org.springframework.test.context.support.AbstractDelegatingSmartContextLoader.delegateProcessing(AbstractDelegatingSmartContextLoader.java:97) ]
DEBUG:Delegating to GenericXmlContextLoader to process context configuration [ContextConfigurationAttributes@79698539 declaringClass = 'test.Demo02', classes = '{}', locations = '{classpath:applicationContext.xml}', inheritLocations = true, initializers = '{}', inheritInitializers = true, name = [null], contextLoaderClass = 'org.springframework.test.context.ContextLoader'].
2018-10-01 22:10:28 下午 [Thread: main][ Class:org.springframework.test.context.support.ActiveProfilesUtils >> Method: org.springframework.test.context.support.ActiveProfilesUtils.resolveActiveProfiles(ActiveProfilesUtils.java:84) ]
DEBUG:Could not find an 'annotation declaring class' for annotation type [org.springframework.test.context.ActiveProfiles] and class [test.Demo02]
2018-10-01 22:10:28 下午 [Thread: main][ Class:org.springframework.test.context.support.DefaultTestContextBootstrapper >> Method: org.springframework.test.context.support.AbstractTestContextBootstrapper.getTestExecutionListeners(AbstractTestContextBootstrapper.java:130) ]
DEBUG:@TestExecutionListeners is not present for class [test.Demo02]: using defaults.
2018-10-01 22:10:28 下午 [Thread: main][ Class:org.springframework.test.context.support.DefaultTestContextBootstrapper >> Method: org.springframework.test.context.support.AbstractTestContextBootstrapper.getDefaultTestExecutionListenerClassNames(AbstractTestContextBootstrapper.java:259) ]
INFO:Loaded default TestExecutionListener class names from location [META-INF/spring.factories]: [org.springframework.test.context.web.ServletTestExecutionListener, org.springframework.test.context.support.DirtiesContextBeforeModesTestExecutionListener, org.springframework.test.context.support.DependencyInjectionTestExecutionListener, org.springframework.test.context.support.DirtiesContextTestExecutionListener, org.springframework.test.context.transaction.TransactionalTestExecutionListener, org.springframework.test.context.jdbc.SqlScriptsTestExecutionListener, org.springframework.test.context.web.ServletTestExecutionListener, org.springframework.test.context.support.DirtiesContextBeforeModesTestExecutionListener, org.springframework.test.context.support.DependencyInjectionTestExecutionListener, org.springframework.test.context.support.DirtiesContextTestExecutionListener, org.springframework.test.context.transaction.TransactionalTestExecutionListener, org.springframework.test.context.jdbc.SqlScriptsTestExecutionListener]
2018-10-01 22:10:28 下午 [Thread: main][ Class:org.springframework.test.context.support.DefaultTestContextBootstrapper >> Method: org.springframework.test.context.support.AbstractTestContextBootstrapper.instantiateListeners(AbstractTestContextBootstrapper.java:207) ]
INFO:Could not instantiate TestExecutionListener [org.springframework.test.context.web.ServletTestExecutionListener]. Specify custom listener classes or make the default listener classes (and their required dependencies) available. Offending class: [javax/servlet/ServletContext]
2018-10-01 22:10:28 下午 [Thread: main][ Class:org.springframework.test.context.support.DefaultTestContextBootstrapper >> Method: org.springframework.test.context.support.AbstractTestContextBootstrapper.getTestExecutionListeners(AbstractTestContextBootstrapper.java:185) ]
INFO:Using TestExecutionListeners: [org.springframework.test.context.support.DirtiesContextBeforeModesTestExecutionListener@58651fd0, org.springframework.test.context.support.DependencyInjectionTestExecutionListener@4520ebad, org.springframework.test.context.support.DirtiesContextTestExecutionListener@5419f379, org.springframework.test.context.transaction.TransactionalTestExecutionListener@7dc7cbad, org.springframework.test.context.jdbc.SqlScriptsTestExecutionListener@d2cc05a]
2018-10-01 22:10:28 下午 [Thread: main][ Class:org.springframework.test.annotation.ProfileValueUtils >> Method: org.springframework.test.annotation.ProfileValueUtils.retrieveProfileValueSource(ProfileValueUtils.java:71) ]
DEBUG:Retrieved @ProfileValueSourceConfiguration [null] for test class [test.Demo02]
2018-10-01 22:10:28 下午 [Thread: main][ Class:org.springframework.test.annotation.ProfileValueUtils >> Method: org.springframework.test.annotation.ProfileValueUtils.retrieveProfileValueSource(ProfileValueUtils.java:83) ]
DEBUG:Retrieved ProfileValueSource type [class org.springframework.test.annotation.SystemProfileValueSource] for class [test.Demo02]
2018-10-01 22:10:29 下午 [Thread: main][ Class:org.springframework.test.annotation.ProfileValueUtils >> Method: org.springframework.test.annotation.ProfileValueUtils.retrieveProfileValueSource(ProfileValueUtils.java:71) ]
DEBUG:Retrieved @ProfileValueSourceConfiguration [null] for test class [test.Demo02]
2018-10-01 22:10:29 下午 [Thread: main][ Class:org.springframework.test.annotation.ProfileValueUtils >> Method: org.springframework.test.annotation.ProfileValueUtils.retrieveProfileValueSource(ProfileValueUtils.java:83) ]
DEBUG:Retrieved ProfileValueSource type [class org.springframework.test.annotation.SystemProfileValueSource] for class [test.Demo02]
2018-10-01 22:10:29 下午 [Thread: main][ Class:org.springframework.test.annotation.ProfileValueUtils >> Method: org.springframework.test.annotation.ProfileValueUtils.retrieveProfileValueSource(ProfileValueUtils.java:71) ]
DEBUG:Retrieved @ProfileValueSourceConfiguration [null] for test class [test.Demo02]
2018-10-01 22:10:29 下午 [Thread: main][ Class:org.springframework.test.annotation.ProfileValueUtils >> Method: org.springframework.test.annotation.ProfileValueUtils.retrieveProfileValueSource(ProfileValueUtils.java:83) ]
DEBUG:Retrieved ProfileValueSource type [class org.springframework.test.annotation.SystemProfileValueSource] for class [test.Demo02]
2018-10-01 22:10:29 下午 [Thread: main][ Class:org.springframework.test.annotation.ProfileValueUtils >> Method: org.springframework.test.annotation.ProfileValueUtils.retrieveProfileValueSource(ProfileValueUtils.java:71) ]
DEBUG:Retrieved @ProfileValueSourceConfiguration [null] for test class [test.Demo02]
2018-10-01 22:10:29 下午 [Thread: main][ Class:org.springframework.test.annotation.ProfileValueUtils >> Method: org.springframework.test.annotation.ProfileValueUtils.retrieveProfileValueSource(ProfileValueUtils.java:83) ]
DEBUG:Retrieved ProfileValueSource type [class org.springframework.test.annotation.SystemProfileValueSource] for class [test.Demo02]
2018-10-01 22:10:29 下午 [Thread: main][ Class:org.springframework.test.context.support.AbstractDirtiesContextTestExecutionListener >> Method: org.springframework.test.context.support.AbstractDirtiesContextTestExecutionListener.beforeOrAfterTestClass(AbstractDirtiesContextTestExecutionListener.java:141) ]
DEBUG:Before test class: context [DefaultTestContext@1e88b3c testClass = Demo02, testInstance = [null], testMethod = [null], testException = [null], mergedContextConfiguration = [MergedContextConfiguration@42d80b78 testClass = Demo02, locations = '{classpath:applicationContext.xml}', classes = '{}', contextInitializerClasses = '[]', activeProfiles = '{}', propertySourceLocations = '{}', propertySourceProperties = '{}', contextLoader = 'org.springframework.test.context.support.DelegatingSmartContextLoader', parent = [null]]], class annotated with @DirtiesContext [false] with mode [null].
2018-10-01 22:10:29 下午 [Thread: main][ Class:org.springframework.test.annotation.ProfileValueUtils >> Method: org.springframework.test.annotation.ProfileValueUtils.retrieveProfileValueSource(ProfileValueUtils.java:71) ]
DEBUG:Retrieved @ProfileValueSourceConfiguration [null] for test class [test.Demo02]
2018-10-01 22:10:29 下午 [Thread: main][ Class:org.springframework.test.annotation.ProfileValueUtils >> Method: org.springframework.test.annotation.ProfileValueUtils.retrieveProfileValueSource(ProfileValueUtils.java:83) ]
DEBUG:Retrieved ProfileValueSource type [class org.springframework.test.annotation.SystemProfileValueSource] for class [test.Demo02]
2018-10-01 22:10:29 下午 [Thread: main][ Class:org.springframework.test.context.support.DependencyInjectionTestExecutionListener >> Method: org.springframework.test.context.support.DependencyInjectionTestExecutionListener.prepareTestInstance(DependencyInjectionTestExecutionListener.java:81) ]
DEBUG:Performing dependency injection for test context [[DefaultTestContext@1e88b3c testClass = Demo02, testInstance = test.Demo02@5622fdf, testMethod = [null], testException = [null], mergedContextConfiguration = [MergedContextConfiguration@42d80b78 testClass = Demo02, locations = '{classpath:applicationContext.xml}', classes = '{}', contextInitializerClasses = '[]', activeProfiles = '{}', propertySourceLocations = '{}', propertySourceProperties = '{}', contextLoader = 'org.springframework.test.context.support.DelegatingSmartContextLoader', parent = [null]]]].
2018-10-01 22:10:29 下午 [Thread: main][ Class:org.springframework.test.context.support.AbstractDelegatingSmartContextLoader >> Method: org.springframework.test.context.support.AbstractDelegatingSmartContextLoader.delegateLoading(AbstractDelegatingSmartContextLoader.java:107) ]
DEBUG:Delegating to GenericXmlContextLoader to load context from [MergedContextConfiguration@42d80b78 testClass = Demo02, locations = '{classpath:applicationContext.xml}', classes = '{}', contextInitializerClasses = '[]', activeProfiles = '{}', propertySourceLocations = '{}', propertySourceProperties = '{}', contextLoader = 'org.springframework.test.context.support.DelegatingSmartContextLoader', parent = [null]].
2018-10-01 22:10:29 下午 [Thread: main][ Class:org.springframework.test.context.support.AbstractGenericContextLoader >> Method: org.springframework.test.context.support.AbstractGenericContextLoader.loadContext(AbstractGenericContextLoader.java:107) ]
DEBUG:Loading ApplicationContext for merged context configuration [[MergedContextConfiguration@42d80b78 testClass = Demo02, locations = '{classpath:applicationContext.xml}', classes = '{}', contextInitializerClasses = '[]', activeProfiles = '{}', propertySourceLocations = '{}', propertySourceProperties = '{}', contextLoader = 'org.springframework.test.context.support.DelegatingSmartContextLoader', parent = [null]]].
2018-10-01 22:10:29 下午 [Thread: main][ Class:org.springframework.core.env.StandardEnvironment >> Method: org.springframework.core.env.MutablePropertySources.addLast(MutablePropertySources.java:109) ]
DEBUG:Adding [systemProperties] PropertySource with lowest search precedence
2018-10-01 22:10:29 下午 [Thread: main][ Class:org.springframework.core.env.StandardEnvironment >> Method: org.springframework.core.env.MutablePropertySources.addLast(MutablePropertySources.java:109) ]
DEBUG:Adding [systemEnvironment] PropertySource with lowest search precedence
2018-10-01 22:10:29 下午 [Thread: main][ Class:org.springframework.core.env.StandardEnvironment >> Method: org.springframework.core.env.AbstractEnvironment.<init>(AbstractEnvironment.java:127) ]
DEBUG:Initialized StandardEnvironment with PropertySources [systemProperties,systemEnvironment]
2018-10-01 22:10:29 下午 [Thread: main][ Class:org.springframework.beans.factory.xml.XmlBeanDefinitionReader >> Method: org.springframework.beans.factory.xml.XmlBeanDefinitionReader.loadBeanDefinitions(XmlBeanDefinitionReader.java:317) ]
INFO:Loading XML bean definitions from class path resource [applicationContext.xml]
2018-10-01 22:10:29 下午 [Thread: main][ Class:org.springframework.beans.factory.xml.DefaultDocumentLoader >> Method: org.springframework.beans.factory.xml.DefaultDocumentLoader.loadDocument(DefaultDocumentLoader.java:73) ]
DEBUG:Using JAXP provider [com.sun.org.apache.xerces.internal.jaxp.DocumentBuilderFactoryImpl]
2018-10-01 22:10:29 下午 [Thread: main][ Class:org.springframework.beans.factory.xml.PluggableSchemaResolver >> Method: org.springframework.beans.factory.xml.PluggableSchemaResolver.getSchemaMappings(PluggableSchemaResolver.java:141) ]
DEBUG:Loading schema mappings from [META-INF/spring.schemas]
2018-10-01 22:10:29 下午 [Thread: main][ Class:org.springframework.beans.factory.xml.PluggableSchemaResolver >> Method: org.springframework.beans.factory.xml.PluggableSchemaResolver.getSchemaMappings(PluggableSchemaResolver.java:147) ]
DEBUG:Loaded schema mappings: {http://www.springframework.org/schema/tx/spring-tx-2.5.xsd=org/springframework/transaction/config/spring-tx-2.5.xsd, http://www.springframework.org/schema/cache/spring-cache-4.2.xsd=org/springframework/cache/config/spring-cache-4.2.xsd, http://www.springframework.org/schema/aop/spring-aop-4.1.xsd=org/springframework/aop/config/spring-aop-4.1.xsd, http://www.springframework.org/schema/context/spring-context-3.1.xsd=org/springframework/context/config/spring-context-3.1.xsd, http://www.springframework.org/schema/jdbc/spring-jdbc-4.1.xsd=org/springframework/jdbc/config/spring-jdbc-4.1.xsd, http://www.springframework.org/schema/util/spring-util-3.0.xsd=org/springframework/beans/factory/xml/spring-util-3.0.xsd, http://www.springframework.org/schema/tool/spring-tool.xsd=org/springframework/beans/factory/xml/spring-tool-4.2.xsd, http://www.springframework.org/schema/aop/spring-aop-3.2.xsd=org/springframework/aop/config/spring-aop-3.2.xsd, http://www.springframework.org/schema/lang/spring-lang-4.1.xsd=org/springframework/scripting/config/spring-lang-4.1.xsd, http://www.springframework.org/schema/context/spring-context-4.0.xsd=org/springframework/context/config/spring-context-4.0.xsd, http://www.springframework.org/schema/beans/spring-beans-4.2.xsd=org/springframework/beans/factory/xml/spring-beans-4.2.xsd, http://www.springframework.org/schema/tool/spring-tool-4.1.xsd=org/springframework/beans/factory/xml/spring-tool-4.1.xsd, http://www.springframework.org/schema/lang/spring-lang-3.2.xsd=org/springframework/scripting/config/spring-lang-3.2.xsd, http://www.springframework.org/schema/cache/spring-cache-3.2.xsd=org/springframework/cache/config/spring-cache-3.2.xsd, http://www.springframework.org/schema/jee/spring-jee-4.1.xsd=org/springframework/ejb/config/spring-jee-4.1.xsd, http://www.springframework.org/schema/jdbc/spring-jdbc-3.1.xsd=org/springframework/jdbc/config/spring-jdbc-3.1.xsd, http://www.springframework.org/schema/util/spring-util-2.0.xsd=org/springframework/beans/factory/xml/spring-util-2.0.xsd, http://www.springframework.org/schema/task/spring-task-4.2.xsd=org/springframework/scheduling/config/spring-task-4.2.xsd, http://www.springframework.org/schema/tool/spring-tool-3.2.xsd=org/springframework/beans/factory/xml/spring-tool-3.2.xsd, http://www.springframework.org/schema/context/spring-context.xsd=org/springframework/context/config/spring-context-4.2.xsd, http://www.springframework.org/schema/tx/spring-tx-4.2.xsd=org/springframework/transaction/config/spring-tx-4.2.xsd, http://www.springframework.org/schema/cache/spring-cache-4.1.xsd=org/springframework/cache/config/spring-cache-4.1.xsd, http://www.springframework.org/schema/aop/spring-aop-4.0.xsd=org/springframework/aop/config/spring-aop-4.0.xsd, http://www.springframework.org/schema/jee/spring-jee-3.2.xsd=org/springframework/ejb/config/spring-jee-3.2.xsd, http://www.springframework.org/schema/context/spring-context-3.0.xsd=org/springframework/context/config/spring-context-3.0.xsd, http://www.springframework.org/schema/jdbc/spring-jdbc-4.0.xsd=org/springframework/jdbc/config/spring-jdbc-4.0.xsd, http://www.springframework.org/schema/util/spring-util-2.5.xsd=org/springframework/beans/factory/xml/spring-util-2.5.xsd, http://www.springframework.org/schema/beans/spring-beans-3.2.xsd=org/springframework/beans/factory/xml/spring-beans-3.2.xsd, http://www.springframework.org/schema/aop/spring-aop-3.1.xsd=org/springframework/aop/config/spring-aop-3.1.xsd, http://www.springframework.org/schema/lang/spring-lang-4.0.xsd=org/springframework/scripting/config/spring-lang-4.0.xsd, http://www.springframework.org/schema/beans/spring-beans-4.1.xsd=org/springframework/beans/factory/xml/spring-beans-4.1.xsd, http://www.springframework.org/schema/tool/spring-tool-4.0.xsd=org/springframework/beans/factory/xml/spring-tool-4.0.xsd, http://www.springframework.org/schema/tx/spring-tx-3.2.xsd=org/springframework/transaction/config/spring-tx-3.2.xsd, http://www.springframework.org/schema/lang/spring-lang-3.1.xsd=org/springframework/scripting/config/spring-lang-3.1.xsd, http://www.springframework.org/schema/cache/spring-cache-3.1.xsd=org/springframework/cache/config/spring-cache-3.1.xsd, http://www.springframework.org/schema/jee/spring-jee-4.0.xsd=org/springframework/ejb/config/spring-jee-4.0.xsd, http://www.springframework.org/schema/jdbc/spring-jdbc-3.0.xsd=org/springframework/jdbc/config/spring-jdbc-3.0.xsd, http://www.springframework.org/schema/task/spring-task-4.1.xsd=org/springframework/scheduling/config/spring-task-4.1.xsd, http://www.springframework.org/schema/jdbc/spring-jdbc.xsd=org/springframework/jdbc/config/spring-jdbc-4.2.xsd, http://www.springframework.org/schema/tool/spring-tool-3.1.xsd=org/springframework/beans/factory/xml/spring-tool-3.1.xsd, http://www.springframework.org/schema/tx/spring-tx-4.1.xsd=org/springframework/transaction/config/spring-tx-4.1.xsd, http://www.springframework.org/schema/cache/spring-cache-4.0.xsd=org/springframework/cache/config/spring-cache-4.0.xsd, http://www.springframework.org/schema/jee/spring-jee-3.1.xsd=org/springframework/ejb/config/spring-jee-3.1.xsd, http://www.springframework.org/schema/task/spring-task-3.2.xsd=org/springframework/scheduling/config/spring-task-3.2.xsd, http://www.springframework.org/schema/util/spring-util-4.2.xsd=org/springframework/beans/factory/xml/spring-util-4.2.xsd, http://www.springframework.org/schema/beans/spring-beans-3.1.xsd=org/springframework/beans/factory/xml/spring-beans-3.1.xsd, http://www.springframework.org/schema/util/spring-util.xsd=org/springframework/beans/factory/xml/spring-util-4.2.xsd, http://www.springframework.org/schema/aop/spring-aop-3.0.xsd=org/springframework/aop/config/spring-aop-3.0.xsd, http://www.springframework.org/schema/beans/spring-beans-4.0.xsd=org/springframework/beans/factory/xml/spring-beans-4.0.xsd, http://www.springframework.org/schema/beans/spring-beans.xsd=org/springframework/beans/factory/xml/spring-beans-4.2.xsd, http://www.springframework.org/schema/tx/spring-tx-3.1.xsd=org/springframework/transaction/config/spring-tx-3.1.xsd, http://www.springframework.org/schema/lang/spring-lang-3.0.xsd=org/springframework/scripting/config/spring-lang-3.0.xsd, http://www.springframework.org/schema/context/spring-context-2.5.xsd=org/springframework/context/config/spring-context-2.5.xsd, http://www.springframework.org/schema/task/spring-task-4.0.xsd=org/springframework/scheduling/config/spring-task-4.0.xsd, http://www.springframework.org/schema/tool/spring-tool-3.0.xsd=org/springframework/beans/factory/xml/spring-tool-3.0.xsd, http://www.springframework.org/schema/tx/spring-tx-4.0.xsd=org/springframework/transaction/config/spring-tx-4.0.xsd, http://www.springframework.org/schema/aop/spring-aop-2.0.xsd=org/springframework/aop/config/spring-aop-2.0.xsd, http://www.springframework.org/schema/jee/spring-jee-3.0.xsd=org/springframework/ejb/config/spring-jee-3.0.xsd, http://www.springframework.org/schema/util/spring-util-4.1.xsd=org/springframework/beans/factory/xml/spring-util-4.1.xsd, http://www.springframework.org/schema/task/spring-task-3.1.xsd=org/springframework/scheduling/config/spring-task-3.1.xsd, http://www.springframework.org/schema/beans/spring-beans-3.0.xsd=org/springframework/beans/factory/xml/spring-beans-3.0.xsd, http://www.springframework.org/schema/jee/spring-jee.xsd=org/springframework/ejb/config/spring-jee-4.2.xsd, http://www.springframework.org/schema/aop/spring-aop-2.5.xsd=org/springframework/aop/config/spring-aop-2.5.xsd, http://www.springframework.org/schema/lang/spring-lang-2.0.xsd=org/springframework/scripting/config/spring-lang-2.0.xsd, http://www.springframework.org/schema/util/spring-util-3.2.xsd=org/springframework/beans/factory/xml/spring-util-3.2.xsd, http://www.springframework.org/schema/task/spring-task.xsd=org/springframework/scheduling/config/spring-task-4.2.xsd, http://www.springframework.org/schema/tool/spring-tool-2.0.xsd=org/springframework/beans/factory/xml/spring-tool-2.0.xsd, http://www.springframework.org/schema/tx/spring-tx-3.0.xsd=org/springframework/transaction/config/spring-tx-3.0.xsd, http://www.springframework.org/schema/lang/spring-lang-2.5.xsd=org/springframework/scripting/config/spring-lang-2.5.xsd, http://www.springframework.org/schema/context/spring-context-4.2.xsd=org/springframework/context/config/spring-context-4.2.xsd, http://www.springframework.org/schema/jee/spring-jee-2.0.xsd=org/springframework/ejb/config/spring-jee-2.0.xsd, http://www.springframework.org/schema/tool/spring-tool-2.5.xsd=org/springframework/beans/factory/xml/spring-tool-2.5.xsd, http://www.springframework.org/schema/jee/spring-jee-2.5.xsd=org/springframework/ejb/config/spring-jee-2.5.xsd, http://www.springframework.org/schema/util/spring-util-4.0.xsd=org/springframework/beans/factory/xml/spring-util-4.0.xsd, http://www.springframework.org/schema/task/spring-task-3.0.xsd=org/springframework/scheduling/config/spring-task-3.0.xsd, http://www.springframework.org/schema/aop/spring-aop-4.2.xsd=org/springframework/aop/config/spring-aop-4.2.xsd, http://www.springframework.org/schema/lang/spring-lang.xsd=org/springframework/scripting/config/spring-lang-4.2.xsd, http://www.springframework.org/schema/context/spring-context-3.2.xsd=org/springframework/context/config/spring-context-3.2.xsd, http://www.springframework.org/schema/jdbc/spring-jdbc-4.2.xsd=org/springframework/jdbc/config/spring-jdbc-4.2.xsd, http://www.springframework.org/schema/util/spring-util-3.1.xsd=org/springframework/beans/factory/xml/spring-util-3.1.xsd, http://www.springframework.org/schema/beans/spring-beans-2.0.xsd=org/springframework/beans/factory/xml/spring-beans-2.0.xsd, http://www.springframework.org/schema/cache/spring-cache.xsd=org/springframework/cache/config/spring-cache-4.2.xsd, http://www.springframework.org/schema/tx/spring-tx.xsd=org/springframework/transaction/config/spring-tx-4.2.xsd, http://www.springframework.org/schema/lang/spring-lang-4.2.xsd=org/springframework/scripting/config/spring-lang-4.2.xsd, http://www.springframework.org/schema/context/spring-context-4.1.xsd=org/springframework/context/config/spring-context-4.1.xsd, http://www.springframework.org/schema/beans/spring-beans-2.5.xsd=org/springframework/beans/factory/xml/spring-beans-2.5.xsd, http://www.springframework.org/schema/tool/spring-tool-4.2.xsd=org/springframework/beans/factory/xml/spring-tool-4.2.xsd, http://www.springframework.org/schema/tx/spring-tx-2.0.xsd=org/springframework/transaction/config/spring-tx-2.0.xsd, http://www.springframework.org/schema/jee/spring-jee-4.2.xsd=org/springframework/ejb/config/spring-jee-4.2.xsd, http://www.springframework.org/schema/jdbc/spring-jdbc-3.2.xsd=org/springframework/jdbc/config/spring-jdbc-3.2.xsd, http://www.springframework.org/schema/aop/spring-aop.xsd=org/springframework/aop/config/spring-aop-4.2.xsd}
2018-10-01 22:10:29 下午 [Thread: main][ Class:org.springframework.beans.factory.xml.PluggableSchemaResolver >> Method: org.springframework.beans.factory.xml.PluggableSchemaResolver.resolveEntity(PluggableSchemaResolver.java:119) ]
DEBUG:Found XML schema [http://www.springframework.org/schema/beans/spring-beans-4.2.xsd] in classpath: org/springframework/beans/factory/xml/spring-beans-4.2.xsd
2018-10-01 22:10:29 下午 [Thread: main][ Class:org.springframework.beans.factory.xml.PluggableSchemaResolver >> Method: org.springframework.beans.factory.xml.PluggableSchemaResolver.resolveEntity(PluggableSchemaResolver.java:119) ]
DEBUG:Found XML schema [http://www.springframework.org/schema/context/spring-context-4.2.xsd] in classpath: org/springframework/context/config/spring-context-4.2.xsd
2018-10-01 22:10:29 下午 [Thread: main][ Class:org.springframework.beans.factory.xml.PluggableSchemaResolver >> Method: org.springframework.beans.factory.xml.PluggableSchemaResolver.resolveEntity(PluggableSchemaResolver.java:119) ]
DEBUG:Found XML schema [http://www.springframework.org/schema/tool/spring-tool-4.2.xsd] in classpath: org/springframework/beans/factory/xml/spring-tool-4.2.xsd
2018-10-01 22:10:29 下午 [Thread: main][ Class:org.springframework.beans.factory.xml.DefaultBeanDefinitionDocumentReader >> Method: org.springframework.beans.factory.xml.DefaultBeanDefinitionDocumentReader.registerBeanDefinitions(DefaultBeanDefinitionDocumentReader.java:92) ]
DEBUG:Loading bean definitions
2018-10-01 22:10:29 下午 [Thread: main][ Class:org.springframework.beans.factory.xml.DefaultNamespaceHandlerResolver >> Method: org.springframework.beans.factory.xml.DefaultNamespaceHandlerResolver.getHandlerMappings(DefaultNamespaceHandlerResolver.java:157) ]
DEBUG:Loaded NamespaceHandler mappings: {http://www.springframework.org/schema/p=org.springframework.beans.factory.xml.SimplePropertyNamespaceHandler, http://www.springframework.org/schema/util=org.springframework.beans.factory.xml.UtilNamespaceHandler, http://www.springframework.org/schema/jee=org.springframework.ejb.config.JeeNamespaceHandler, http://www.springframework.org/schema/aop=org.springframework.aop.config.AopNamespaceHandler, http://www.springframework.org/schema/jdbc=org.springframework.jdbc.config.JdbcNamespaceHandler, http://www.springframework.org/schema/cache=org.springframework.cache.config.CacheNamespaceHandler, http://www.springframework.org/schema/c=org.springframework.beans.factory.xml.SimpleConstructorNamespaceHandler, http://www.springframework.org/schema/tx=org.springframework.transaction.config.TxNamespaceHandler, http://www.springframework.org/schema/task=org.springframework.scheduling.config.TaskNamespaceHandler, http://www.springframework.org/schema/lang=org.springframework.scripting.config.LangNamespaceHandler, http://www.springframework.org/schema/context=org.springframework.context.config.ContextNamespaceHandler}
2018-10-01 22:10:29 下午 [Thread: main][ Class:org.springframework.beans.factory.xml.BeanDefinitionParserDelegate >> Method: org.springframework.beans.factory.xml.BeanDefinitionParserDelegate.parseBeanDefinitionElement(BeanDefinitionParserDelegate.java:451) ]
DEBUG:No XML 'id' specified - using 'dataSource' as bean name and [] as aliases
2018-10-01 22:10:29 下午 [Thread: main][ Class:org.springframework.beans.factory.xml.BeanDefinitionParserDelegate >> Method: org.springframework.beans.factory.xml.BeanDefinitionParserDelegate.parseBeanDefinitionElement(BeanDefinitionParserDelegate.java:451) ]
DEBUG:No XML 'id' specified - using 'jdbcTemplate' as bean name and [] as aliases
2018-10-01 22:10:29 下午 [Thread: main][ Class:org.springframework.beans.factory.xml.BeanDefinitionParserDelegate >> Method: org.springframework.beans.factory.xml.BeanDefinitionParserDelegate.parseBeanDefinitionElement(BeanDefinitionParserDelegate.java:451) ]
DEBUG:No XML 'id' specified - using 'userDao' as bean name and [] as aliases
2018-10-01 22:10:29 下午 [Thread: main][ Class:org.springframework.beans.factory.xml.XmlBeanDefinitionReader >> Method: org.springframework.beans.factory.support.AbstractBeanDefinitionReader.loadBeanDefinitions(AbstractBeanDefinitionReader.java:224) ]
DEBUG:Loaded 4 bean definitions from location pattern [classpath:applicationContext.xml]
2018-10-01 22:10:29 下午 [Thread: main][ Class:org.springframework.context.support.GenericApplicationContext >> Method: org.springframework.context.support.AbstractApplicationContext.prepareRefresh(AbstractApplicationContext.java:578) ]
INFO:Refreshing org.springframework.context.support.GenericApplicationContext@13805618: startup date [Mon Oct 01 22:10:29 CST 2018]; root of context hierarchy
2018-10-01 22:10:29 下午 [Thread: main][ Class:org.springframework.context.support.GenericApplicationContext >> Method: org.springframework.context.support.AbstractApplicationContext.obtainFreshBeanFactory(AbstractApplicationContext.java:612) ]
DEBUG:Bean factory for org.springframework.context.support.GenericApplicationContext@13805618: org.springframework.beans.factory.support.DefaultListableBeanFactory@646be2c3: defining beans [org.springframework.context.support.PropertySourcesPlaceholderConfigurer#0,dataSource,jdbcTemplate,userDao,org.springframework.context.annotation.internalConfigurationAnnotationProcessor,org.springframework.context.annotation.internalAutowiredAnnotationProcessor,org.springframework.context.annotation.internalRequiredAnnotationProcessor,org.springframework.context.annotation.internalCommonAnnotationProcessor,org.springframework.context.event.internalEventListenerProcessor,org.springframework.context.event.internalEventListenerFactory]; root of factory hierarchy
2018-10-01 22:10:29 下午 [Thread: main][ Class:org.springframework.beans.factory.support.DefaultListableBeanFactory >> Method: org.springframework.beans.factory.support.DefaultSingletonBeanRegistry.getSingleton(DefaultSingletonBeanRegistry.java:221) ]
DEBUG:Creating shared instance of singleton bean 'org.springframework.context.annotation.internalConfigurationAnnotationProcessor'
2018-10-01 22:10:29 下午 [Thread: main][ Class:org.springframework.beans.factory.support.DefaultListableBeanFactory >> Method: org.springframework.beans.factory.support.AbstractAutowireCapableBeanFactory.createBean(AbstractAutowireCapableBeanFactory.java:448) ]
DEBUG:Creating instance of bean 'org.springframework.context.annotation.internalConfigurationAnnotationProcessor'
2018-10-01 22:10:29 下午 [Thread: main][ Class:org.springframework.beans.factory.support.DefaultListableBeanFactory >> Method: org.springframework.beans.factory.support.AbstractAutowireCapableBeanFactory.doCreateBean(AbstractAutowireCapableBeanFactory.java:529) ]
DEBUG:Eagerly caching bean 'org.springframework.context.annotation.internalConfigurationAnnotationProcessor' to allow for resolving potential circular references
2018-10-01 22:10:29 下午 [Thread: main][ Class:org.springframework.beans.factory.support.DefaultListableBeanFactory >> Method: org.springframework.beans.factory.support.AbstractAutowireCapableBeanFactory.createBean(AbstractAutowireCapableBeanFactory.java:484) ]
DEBUG:Finished creating instance of bean 'org.springframework.context.annotation.internalConfigurationAnnotationProcessor'
2018-10-01 22:10:29 下午 [Thread: main][ Class:org.springframework.beans.factory.support.DefaultListableBeanFactory >> Method: org.springframework.beans.factory.support.DefaultSingletonBeanRegistry.getSingleton(DefaultSingletonBeanRegistry.java:221) ]
DEBUG:Creating shared instance of singleton bean 'org.springframework.context.support.PropertySourcesPlaceholderConfigurer#0'
2018-10-01 22:10:29 下午 [Thread: main][ Class:org.springframework.beans.factory.support.DefaultListableBeanFactory >> Method: org.springframework.beans.factory.support.AbstractAutowireCapableBeanFactory.createBean(AbstractAutowireCapableBeanFactory.java:448) ]
DEBUG:Creating instance of bean 'org.springframework.context.support.PropertySourcesPlaceholderConfigurer#0'
2018-10-01 22:10:29 下午 [Thread: main][ Class:org.springframework.beans.factory.support.DefaultListableBeanFactory >> Method: org.springframework.beans.factory.support.AbstractAutowireCapableBeanFactory.doCreateBean(AbstractAutowireCapableBeanFactory.java:529) ]
DEBUG:Eagerly caching bean 'org.springframework.context.support.PropertySourcesPlaceholderConfigurer#0' to allow for resolving potential circular references
2018-10-01 22:10:29 下午 [Thread: main][ Class:org.springframework.beans.factory.support.DefaultListableBeanFactory >> Method: org.springframework.beans.factory.support.AbstractAutowireCapableBeanFactory.createBean(AbstractAutowireCapableBeanFactory.java:484) ]
DEBUG:Finished creating instance of bean 'org.springframework.context.support.PropertySourcesPlaceholderConfigurer#0'
2018-10-01 22:10:29 下午 [Thread: main][ Class:org.springframework.core.env.MutablePropertySources >> Method: org.springframework.core.env.MutablePropertySources.addLast(MutablePropertySources.java:109) ]
DEBUG:Adding [environmentProperties] PropertySource with lowest search precedence
2018-10-01 22:10:29 下午 [Thread: main][ Class:org.springframework.context.support.PropertySourcesPlaceholderConfigurer >> Method: org.springframework.core.io.support.PropertiesLoaderSupport.loadProperties(PropertiesLoaderSupport.java:172) ]
INFO:Loading properties file from class path resource [db.properties]
2018-10-01 22:10:29 下午 [Thread: main][ Class:org.springframework.core.env.MutablePropertySources >> Method: org.springframework.core.env.MutablePropertySources.addLast(MutablePropertySources.java:109) ]
DEBUG:Adding [localProperties] PropertySource with lowest search precedence
2018-10-01 22:10:29 下午 [Thread: main][ Class:org.springframework.core.env.PropertySourcesPropertyResolver >> Method: org.springframework.core.env.PropertySourcesPropertyResolver.getProperty(PropertySourcesPropertyResolver.java:81) ]
DEBUG:Searching for key 'jdbc.jdbcUrl' in [environmentProperties]
2018-10-01 22:10:29 下午 [Thread: main][ Class:org.springframework.core.env.PropertySourcesPropertyResolver >> Method: org.springframework.core.env.PropertySourcesPropertyResolver.getProperty(PropertySourcesPropertyResolver.java:81) ]
DEBUG:Searching for key 'jdbc.jdbcUrl' in [systemProperties]
2018-10-01 22:10:29 下午 [Thread: main][ Class:org.springframework.core.env.PropertySourcesPropertyResolver >> Method: org.springframework.core.env.PropertySourcesPropertyResolver.getProperty(PropertySourcesPropertyResolver.java:81) ]
DEBUG:Searching for key 'jdbc.jdbcUrl' in [systemEnvironment]
2018-10-01 22:10:29 下午 [Thread: main][ Class:org.springframework.core.env.PropertySourcesPropertyResolver >> Method: org.springframework.core.env.PropertySourcesPropertyResolver.getProperty(PropertySourcesPropertyResolver.java:103) ]
DEBUG:Could not find key 'jdbc.jdbcUrl' in any property source. Returning [null]
2018-10-01 22:10:29 下午 [Thread: main][ Class:org.springframework.core.env.PropertySourcesPropertyResolver >> Method: org.springframework.core.env.PropertySourcesPropertyResolver.getProperty(PropertySourcesPropertyResolver.java:81) ]
DEBUG:Searching for key 'jdbc.jdbcUrl' in [localProperties]
2018-10-01 22:10:29 下午 [Thread: main][ Class:org.springframework.core.env.PropertySourcesPropertyResolver >> Method: org.springframework.core.env.PropertySourcesPropertyResolver.getProperty(PropertySourcesPropertyResolver.java:90) ]
DEBUG:Found key 'jdbc.jdbcUrl' in [localProperties] with type [String] and value 'jdbc:mysql:///spring?useSSL=false&serverTimezone=UTC&characterEncoding=utf8'
2018-10-01 22:10:29 下午 [Thread: main][ Class:org.springframework.core.env.PropertySourcesPropertyResolver >> Method: org.springframework.core.env.PropertySourcesPropertyResolver.getProperty(PropertySourcesPropertyResolver.java:81) ]
DEBUG:Searching for key 'jdbc.driverClass' in [environmentProperties]
2018-10-01 22:10:29 下午 [Thread: main][ Class:org.springframework.core.env.PropertySourcesPropertyResolver >> Method: org.springframework.core.env.PropertySourcesPropertyResolver.getProperty(PropertySourcesPropertyResolver.java:81) ]
DEBUG:Searching for key 'jdbc.driverClass' in [systemProperties]
2018-10-01 22:10:29 下午 [Thread: main][ Class:org.springframework.core.env.PropertySourcesPropertyResolver >> Method: org.springframework.core.env.PropertySourcesPropertyResolver.getProperty(PropertySourcesPropertyResolver.java:81) ]
DEBUG:Searching for key 'jdbc.driverClass' in [systemEnvironment]
2018-10-01 22:10:29 下午 [Thread: main][ Class:org.springframework.core.env.PropertySourcesPropertyResolver >> Method: org.springframework.core.env.PropertySourcesPropertyResolver.getProperty(PropertySourcesPropertyResolver.java:103) ]
DEBUG:Could not find key 'jdbc.driverClass' in any property source. Returning [null]
2018-10-01 22:10:29 下午 [Thread: main][ Class:org.springframework.core.env.PropertySourcesPropertyResolver >> Method: org.springframework.core.env.PropertySourcesPropertyResolver.getProperty(PropertySourcesPropertyResolver.java:81) ]
DEBUG:Searching for key 'jdbc.driverClass' in [localProperties]
2018-10-01 22:10:29 下午 [Thread: main][ Class:org.springframework.core.env.PropertySourcesPropertyResolver >> Method: org.springframework.core.env.PropertySourcesPropertyResolver.getProperty(PropertySourcesPropertyResolver.java:90) ]
DEBUG:Found key 'jdbc.driverClass' in [localProperties] with type [String] and value 'com.mysql.cj.jdbc.Driver'
2018-10-01 22:10:29 下午 [Thread: main][ Class:org.springframework.core.env.PropertySourcesPropertyResolver >> Method: org.springframework.core.env.PropertySourcesPropertyResolver.getProperty(PropertySourcesPropertyResolver.java:81) ]
DEBUG:Searching for key 'jdbc.user' in [environmentProperties]
2018-10-01 22:10:29 下午 [Thread: main][ Class:org.springframework.core.env.PropertySourcesPropertyResolver >> Method: org.springframework.core.env.PropertySourcesPropertyResolver.getProperty(PropertySourcesPropertyResolver.java:81) ]
DEBUG:Searching for key 'jdbc.user' in [systemProperties]
2018-10-01 22:10:29 下午 [Thread: main][ Class:org.springframework.core.env.PropertySourcesPropertyResolver >> Method: org.springframework.core.env.PropertySourcesPropertyResolver.getProperty(PropertySourcesPropertyResolver.java:81) ]
DEBUG:Searching for key 'jdbc.user' in [systemEnvironment]
2018-10-01 22:10:29 下午 [Thread: main][ Class:org.springframework.core.env.PropertySourcesPropertyResolver >> Method: org.springframework.core.env.PropertySourcesPropertyResolver.getProperty(PropertySourcesPropertyResolver.java:103) ]
DEBUG:Could not find key 'jdbc.user' in any property source. Returning [null]
2018-10-01 22:10:29 下午 [Thread: main][ Class:org.springframework.core.env.PropertySourcesPropertyResolver >> Method: org.springframework.core.env.PropertySourcesPropertyResolver.getProperty(PropertySourcesPropertyResolver.java:81) ]
DEBUG:Searching for key 'jdbc.user' in [localProperties]
2018-10-01 22:10:29 下午 [Thread: main][ Class:org.springframework.core.env.PropertySourcesPropertyResolver >> Method: org.springframework.core.env.PropertySourcesPropertyResolver.getProperty(PropertySourcesPropertyResolver.java:90) ]
DEBUG:Found key 'jdbc.user' in [localProperties] with type [String] and value 'root'
2018-10-01 22:10:29 下午 [Thread: main][ Class:org.springframework.core.env.PropertySourcesPropertyResolver >> Method: org.springframework.core.env.PropertySourcesPropertyResolver.getProperty(PropertySourcesPropertyResolver.java:81) ]
DEBUG:Searching for key 'jdbc.password' in [environmentProperties]
2018-10-01 22:10:29 下午 [Thread: main][ Class:org.springframework.core.env.PropertySourcesPropertyResolver >> Method: org.springframework.core.env.PropertySourcesPropertyResolver.getProperty(PropertySourcesPropertyResolver.java:81) ]
DEBUG:Searching for key 'jdbc.password' in [systemProperties]
2018-10-01 22:10:29 下午 [Thread: main][ Class:org.springframework.core.env.PropertySourcesPropertyResolver >> Method: org.springframework.core.env.PropertySourcesPropertyResolver.getProperty(PropertySourcesPropertyResolver.java:81) ]
DEBUG:Searching for key 'jdbc.password' in [systemEnvironment]
2018-10-01 22:10:29 下午 [Thread: main][ Class:org.springframework.core.env.PropertySourcesPropertyResolver >> Method: org.springframework.core.env.PropertySourcesPropertyResolver.getProperty(PropertySourcesPropertyResolver.java:103) ]
DEBUG:Could not find key 'jdbc.password' in any property source. Returning [null]
2018-10-01 22:10:29 下午 [Thread: main][ Class:org.springframework.core.env.PropertySourcesPropertyResolver >> Method: org.springframework.core.env.PropertySourcesPropertyResolver.getProperty(PropertySourcesPropertyResolver.java:81) ]
DEBUG:Searching for key 'jdbc.password' in [localProperties]
2018-10-01 22:10:29 下午 [Thread: main][ Class:org.springframework.core.env.PropertySourcesPropertyResolver >> Method: org.springframework.core.env.PropertySourcesPropertyResolver.getProperty(PropertySourcesPropertyResolver.java:90) ]
DEBUG:Found key 'jdbc.password' in [localProperties] with type [String] and value '123456'
2018-10-01 22:10:29 下午 [Thread: main][ Class:org.springframework.beans.factory.support.DefaultListableBeanFactory >> Method: org.springframework.beans.factory.support.DefaultSingletonBeanRegistry.getSingleton(DefaultSingletonBeanRegistry.java:221) ]
DEBUG:Creating shared instance of singleton bean 'org.springframework.context.annotation.internalAutowiredAnnotationProcessor'
2018-10-01 22:10:29 下午 [Thread: main][ Class:org.springframework.beans.factory.support.DefaultListableBeanFactory >> Method: org.springframework.beans.factory.support.AbstractAutowireCapableBeanFactory.createBean(AbstractAutowireCapableBeanFactory.java:448) ]
DEBUG:Creating instance of bean 'org.springframework.context.annotation.internalAutowiredAnnotationProcessor'
2018-10-01 22:10:29 下午 [Thread: main][ Class:org.springframework.beans.factory.support.DefaultListableBeanFactory >> Method: org.springframework.beans.factory.support.AbstractAutowireCapableBeanFactory.doCreateBean(AbstractAutowireCapableBeanFactory.java:529) ]
DEBUG:Eagerly caching bean 'org.springframework.context.annotation.internalAutowiredAnnotationProcessor' to allow for resolving potential circular references
2018-10-01 22:10:29 下午 [Thread: main][ Class:org.springframework.beans.factory.support.DefaultListableBeanFactory >> Method: org.springframework.beans.factory.support.AbstractAutowireCapableBeanFactory.createBean(AbstractAutowireCapableBeanFactory.java:484) ]
DEBUG:Finished creating instance of bean 'org.springframework.context.annotation.internalAutowiredAnnotationProcessor'
2018-10-01 22:10:29 下午 [Thread: main][ Class:org.springframework.beans.factory.support.DefaultListableBeanFactory >> Method: org.springframework.beans.factory.support.DefaultSingletonBeanRegistry.getSingleton(DefaultSingletonBeanRegistry.java:221) ]
DEBUG:Creating shared instance of singleton bean 'org.springframework.context.annotation.internalRequiredAnnotationProcessor'
2018-10-01 22:10:29 下午 [Thread: main][ Class:org.springframework.beans.factory.support.DefaultListableBeanFactory >> Method: org.springframework.beans.factory.support.AbstractAutowireCapableBeanFactory.createBean(AbstractAutowireCapableBeanFactory.java:448) ]
DEBUG:Creating instance of bean 'org.springframework.context.annotation.internalRequiredAnnotationProcessor'
2018-10-01 22:10:29 下午 [Thread: main][ Class:org.springframework.beans.factory.support.DefaultListableBeanFactory >> Method: org.springframework.beans.factory.support.AbstractAutowireCapableBeanFactory.doCreateBean(AbstractAutowireCapableBeanFactory.java:529) ]
DEBUG:Eagerly caching bean 'org.springframework.context.annotation.internalRequiredAnnotationProcessor' to allow for resolving potential circular references
2018-10-01 22:10:29 下午 [Thread: main][ Class:org.springframework.beans.factory.support.DefaultListableBeanFactory >> Method: org.springframework.beans.factory.support.AbstractAutowireCapableBeanFactory.createBean(AbstractAutowireCapableBeanFactory.java:484) ]
DEBUG:Finished creating instance of bean 'org.springframework.context.annotation.internalRequiredAnnotationProcessor'
2018-10-01 22:10:29 下午 [Thread: main][ Class:org.springframework.beans.factory.support.DefaultListableBeanFactory >> Method: org.springframework.beans.factory.support.DefaultSingletonBeanRegistry.getSingleton(DefaultSingletonBeanRegistry.java:221) ]
DEBUG:Creating shared instance of singleton bean 'org.springframework.context.annotation.internalCommonAnnotationProcessor'
2018-10-01 22:10:29 下午 [Thread: main][ Class:org.springframework.beans.factory.support.DefaultListableBeanFactory >> Method: org.springframework.beans.factory.support.AbstractAutowireCapableBeanFactory.createBean(AbstractAutowireCapableBeanFactory.java:448) ]
DEBUG:Creating instance of bean 'org.springframework.context.annotation.internalCommonAnnotationProcessor'
2018-10-01 22:10:29 下午 [Thread: main][ Class:org.springframework.beans.factory.support.DefaultListableBeanFactory >> Method: org.springframework.beans.factory.support.AbstractAutowireCapableBeanFactory.doCreateBean(AbstractAutowireCapableBeanFactory.java:529) ]
DEBUG:Eagerly caching bean 'org.springframework.context.annotation.internalCommonAnnotationProcessor' to allow for resolving potential circular references
2018-10-01 22:10:29 下午 [Thread: main][ Class:org.springframework.beans.factory.support.DefaultListableBeanFactory >> Method: org.springframework.beans.factory.support.AbstractAutowireCapableBeanFactory.createBean(AbstractAutowireCapableBeanFactory.java:484) ]
DEBUG:Finished creating instance of bean 'org.springframework.context.annotation.internalCommonAnnotationProcessor'
2018-10-01 22:10:29 下午 [Thread: main][ Class:org.springframework.beans.factory.support.DefaultListableBeanFactory >> Method: org.springframework.beans.factory.support.DefaultSingletonBeanRegistry.getSingleton(DefaultSingletonBeanRegistry.java:221) ]
DEBUG:Creating shared instance of singleton bean 'org.springframework.context.annotation.ConfigurationClassPostProcessor.importAwareProcessor'
2018-10-01 22:10:29 下午 [Thread: main][ Class:org.springframework.beans.factory.support.DefaultListableBeanFactory >> Method: org.springframework.beans.factory.support.AbstractAutowireCapableBeanFactory.createBean(AbstractAutowireCapableBeanFactory.java:448) ]
DEBUG:Creating instance of bean 'org.springframework.context.annotation.ConfigurationClassPostProcessor.importAwareProcessor'
2018-10-01 22:10:29 下午 [Thread: main][ Class:org.springframework.beans.factory.support.DefaultListableBeanFactory >> Method: org.springframework.beans.factory.support.AbstractAutowireCapableBeanFactory.doCreateBean(AbstractAutowireCapableBeanFactory.java:529) ]
DEBUG:Eagerly caching bean 'org.springframework.context.annotation.ConfigurationClassPostProcessor.importAwareProcessor' to allow for resolving potential circular references
2018-10-01 22:10:29 下午 [Thread: main][ Class:org.springframework.beans.factory.support.DefaultListableBeanFactory >> Method: org.springframework.beans.factory.support.AbstractAutowireCapableBeanFactory.createBean(AbstractAutowireCapableBeanFactory.java:484) ]
DEBUG:Finished creating instance of bean 'org.springframework.context.annotation.ConfigurationClassPostProcessor.importAwareProcessor'
2018-10-01 22:10:29 下午 [Thread: main][ Class:org.springframework.beans.factory.support.DefaultListableBeanFactory >> Method: org.springframework.beans.factory.support.DefaultSingletonBeanRegistry.getSingleton(DefaultSingletonBeanRegistry.java:221) ]
DEBUG:Creating shared instance of singleton bean 'org.springframework.context.annotation.ConfigurationClassPostProcessor.enhancedConfigurationProcessor'
2018-10-01 22:10:29 下午 [Thread: main][ Class:org.springframework.beans.factory.support.DefaultListableBeanFactory >> Method: org.springframework.beans.factory.support.AbstractAutowireCapableBeanFactory.createBean(AbstractAutowireCapableBeanFactory.java:448) ]
DEBUG:Creating instance of bean 'org.springframework.context.annotation.ConfigurationClassPostProcessor.enhancedConfigurationProcessor'
2018-10-01 22:10:29 下午 [Thread: main][ Class:org.springframework.beans.factory.support.DefaultListableBeanFactory >> Method: org.springframework.beans.factory.support.AbstractAutowireCapableBeanFactory.doCreateBean(AbstractAutowireCapableBeanFactory.java:529) ]
DEBUG:Eagerly caching bean 'org.springframework.context.annotation.ConfigurationClassPostProcessor.enhancedConfigurationProcessor' to allow for resolving potential circular references
2018-10-01 22:10:29 下午 [Thread: main][ Class:org.springframework.beans.factory.support.DefaultListableBeanFactory >> Method: org.springframework.beans.factory.support.AbstractAutowireCapableBeanFactory.createBean(AbstractAutowireCapableBeanFactory.java:484) ]
DEBUG:Finished creating instance of bean 'org.springframework.context.annotation.ConfigurationClassPostProcessor.enhancedConfigurationProcessor'
2018-10-01 22:10:29 下午 [Thread: main][ Class:org.springframework.context.support.GenericApplicationContext >> Method: org.springframework.context.support.AbstractApplicationContext.initMessageSource(AbstractApplicationContext.java:718) ]
DEBUG:Unable to locate MessageSource with name 'messageSource': using default [org.springframework.context.support.DelegatingMessageSource@3d74bf60]
2018-10-01 22:10:29 下午 [Thread: main][ Class:org.springframework.context.support.GenericApplicationContext >> Method: org.springframework.context.support.AbstractApplicationContext.initApplicationEventMulticaster(AbstractApplicationContext.java:742) ]
DEBUG:Unable to locate ApplicationEventMulticaster with name 'applicationEventMulticaster': using default [org.springframework.context.event.SimpleApplicationEventMulticaster@481a996b]
2018-10-01 22:10:29 下午 [Thread: main][ Class:org.springframework.beans.factory.support.DefaultListableBeanFactory >> Method: org.springframework.beans.factory.support.DefaultListableBeanFactory.preInstantiateSingletons(DefaultListableBeanFactory.java:741) ]
DEBUG:Pre-instantiating singletons in org.springframework.beans.factory.support.DefaultListableBeanFactory@646be2c3: defining beans [org.springframework.context.support.PropertySourcesPlaceholderConfigurer#0,dataSource,jdbcTemplate,userDao,org.springframework.context.annotation.internalConfigurationAnnotationProcessor,org.springframework.context.annotation.internalAutowiredAnnotationProcessor,org.springframework.context.annotation.internalRequiredAnnotationProcessor,org.springframework.context.annotation.internalCommonAnnotationProcessor,org.springframework.context.event.internalEventListenerProcessor,org.springframework.context.event.internalEventListenerFactory,org.springframework.context.annotation.ConfigurationClassPostProcessor.importAwareProcessor,org.springframework.context.annotation.ConfigurationClassPostProcessor.enhancedConfigurationProcessor]; root of factory hierarchy
2018-10-01 22:10:29 下午 [Thread: main][ Class:org.springframework.beans.factory.support.DefaultListableBeanFactory >> Method: org.springframework.beans.factory.support.AbstractBeanFactory.doGetBean(AbstractBeanFactory.java:251) ]
DEBUG:Returning cached instance of singleton bean 'org.springframework.context.support.PropertySourcesPlaceholderConfigurer#0'
2018-10-01 22:10:29 下午 [Thread: main][ Class:org.springframework.beans.factory.support.DefaultListableBeanFactory >> Method: org.springframework.beans.factory.support.DefaultSingletonBeanRegistry.getSingleton(DefaultSingletonBeanRegistry.java:221) ]
DEBUG:Creating shared instance of singleton bean 'dataSource'
2018-10-01 22:10:29 下午 [Thread: main][ Class:org.springframework.beans.factory.support.DefaultListableBeanFactory >> Method: org.springframework.beans.factory.support.AbstractAutowireCapableBeanFactory.createBean(AbstractAutowireCapableBeanFactory.java:448) ]
DEBUG:Creating instance of bean 'dataSource'
2018-10-01 22:10:29 下午 [Thread: main][ Class:com.mchange.v2.log.MLog >> Method: com.mchange.v2.log.MLog.<clinit>(MLog.java:80) ]
INFO:MLog clients using log4j logging.
2018-10-01 22:10:30 下午 [Thread: main][ Class:com.mchange.v2.c3p0.C3P0Registry >> Method: com.mchange.v2.c3p0.C3P0Registry.banner(C3P0Registry.java:204) ]
INFO:Initializing c3p0-0.9.1.2 [built 21-May-2007 15:04:56; debug? true; trace: 10]
2018-10-01 22:10:30 下午 [Thread: main][ Class:com.mchange.v2.c3p0.management.DynamicPooledDataSourceManagerMBean >> Method: com.mchange.v2.c3p0.management.DynamicPooledDataSourceManagerMBean.reinitialize(DynamicPooledDataSourceManagerMBean.java:236) ]
DEBUG:MBean: com.mchange.v2.c3p0:type=PooledDataSource[1hgesxt9ydb4bnx1r88dtr|595b007d] registered.
2018-10-01 22:10:30 下午 [Thread: main][ Class:org.springframework.beans.factory.support.DefaultListableBeanFactory >> Method: org.springframework.beans.factory.support.AbstractAutowireCapableBeanFactory.doCreateBean(AbstractAutowireCapableBeanFactory.java:529) ]
DEBUG:Eagerly caching bean 'dataSource' to allow for resolving potential circular references
2018-10-01 22:10:30 下午 [Thread: main][ Class:org.springframework.beans.factory.support.DefaultListableBeanFactory >> Method: org.springframework.beans.factory.support.AbstractAutowireCapableBeanFactory.createBean(AbstractAutowireCapableBeanFactory.java:484) ]
DEBUG:Finished creating instance of bean 'dataSource'
2018-10-01 22:10:30 下午 [Thread: main][ Class:org.springframework.beans.factory.support.DefaultListableBeanFactory >> Method: org.springframework.beans.factory.support.DefaultSingletonBeanRegistry.getSingleton(DefaultSingletonBeanRegistry.java:221) ]
DEBUG:Creating shared instance of singleton bean 'jdbcTemplate'
2018-10-01 22:10:30 下午 [Thread: main][ Class:org.springframework.beans.factory.support.DefaultListableBeanFactory >> Method: org.springframework.beans.factory.support.AbstractAutowireCapableBeanFactory.createBean(AbstractAutowireCapableBeanFactory.java:448) ]
DEBUG:Creating instance of bean 'jdbcTemplate'
2018-10-01 22:10:30 下午 [Thread: main][ Class:org.springframework.beans.factory.support.DefaultListableBeanFactory >> Method: org.springframework.beans.factory.support.AbstractAutowireCapableBeanFactory.doCreateBean(AbstractAutowireCapableBeanFactory.java:529) ]
DEBUG:Eagerly caching bean 'jdbcTemplate' to allow for resolving potential circular references
2018-10-01 22:10:30 下午 [Thread: main][ Class:org.springframework.beans.factory.support.DefaultListableBeanFactory >> Method: org.springframework.beans.factory.support.AbstractBeanFactory.doGetBean(AbstractBeanFactory.java:251) ]
DEBUG:Returning cached instance of singleton bean 'dataSource'
2018-10-01 22:10:30 下午 [Thread: main][ Class:org.springframework.beans.factory.support.DefaultListableBeanFactory >> Method: org.springframework.beans.factory.support.AbstractAutowireCapableBeanFactory.invokeInitMethods(AbstractAutowireCapableBeanFactory.java:1620) ]
DEBUG:Invoking afterPropertiesSet() on bean with name 'jdbcTemplate'
2018-10-01 22:10:30 下午 [Thread: main][ Class:org.springframework.beans.factory.support.DefaultListableBeanFactory >> Method: org.springframework.beans.factory.support.AbstractAutowireCapableBeanFactory.createBean(AbstractAutowireCapableBeanFactory.java:484) ]
DEBUG:Finished creating instance of bean 'jdbcTemplate'
2018-10-01 22:10:30 下午 [Thread: main][ Class:org.springframework.beans.factory.support.DefaultListableBeanFactory >> Method: org.springframework.beans.factory.support.DefaultSingletonBeanRegistry.getSingleton(DefaultSingletonBeanRegistry.java:221) ]
DEBUG:Creating shared instance of singleton bean 'userDao'
2018-10-01 22:10:30 下午 [Thread: main][ Class:org.springframework.beans.factory.support.DefaultListableBeanFactory >> Method: org.springframework.beans.factory.support.AbstractAutowireCapableBeanFactory.createBean(AbstractAutowireCapableBeanFactory.java:448) ]
DEBUG:Creating instance of bean 'userDao'
2018-10-01 22:10:30 下午 [Thread: main][ Class:org.springframework.beans.factory.support.DefaultListableBeanFactory >> Method: org.springframework.beans.factory.support.AbstractAutowireCapableBeanFactory.doCreateBean(AbstractAutowireCapableBeanFactory.java:529) ]
DEBUG:Eagerly caching bean 'userDao' to allow for resolving potential circular references
2018-10-01 22:10:30 下午 [Thread: main][ Class:org.springframework.beans.factory.support.DefaultListableBeanFactory >> Method: org.springframework.beans.factory.support.AbstractBeanFactory.doGetBean(AbstractBeanFactory.java:251) ]
DEBUG:Returning cached instance of singleton bean 'dataSource'
2018-10-01 22:10:30 下午 [Thread: main][ Class:org.springframework.beans.factory.support.DefaultListableBeanFactory >> Method: org.springframework.beans.factory.support.AbstractAutowireCapableBeanFactory.invokeInitMethods(AbstractAutowireCapableBeanFactory.java:1620) ]
DEBUG:Invoking afterPropertiesSet() on bean with name 'userDao'
2018-10-01 22:10:30 下午 [Thread: main][ Class:org.springframework.beans.factory.support.DefaultListableBeanFactory >> Method: org.springframework.beans.factory.support.AbstractAutowireCapableBeanFactory.createBean(AbstractAutowireCapableBeanFactory.java:484) ]
DEBUG:Finished creating instance of bean 'userDao'
2018-10-01 22:10:30 下午 [Thread: main][ Class:org.springframework.beans.factory.support.DefaultListableBeanFactory >> Method: org.springframework.beans.factory.support.AbstractBeanFactory.doGetBean(AbstractBeanFactory.java:251) ]
DEBUG:Returning cached instance of singleton bean 'org.springframework.context.annotation.internalConfigurationAnnotationProcessor'
2018-10-01 22:10:30 下午 [Thread: main][ Class:org.springframework.beans.factory.support.DefaultListableBeanFactory >> Method: org.springframework.beans.factory.support.AbstractBeanFactory.doGetBean(AbstractBeanFactory.java:251) ]
DEBUG:Returning cached instance of singleton bean 'org.springframework.context.annotation.internalAutowiredAnnotationProcessor'
2018-10-01 22:10:30 下午 [Thread: main][ Class:org.springframework.beans.factory.support.DefaultListableBeanFactory >> Method: org.springframework.beans.factory.support.AbstractBeanFactory.doGetBean(AbstractBeanFactory.java:251) ]
DEBUG:Returning cached instance of singleton bean 'org.springframework.context.annotation.internalRequiredAnnotationProcessor'
2018-10-01 22:10:30 下午 [Thread: main][ Class:org.springframework.beans.factory.support.DefaultListableBeanFactory >> Method: org.springframework.beans.factory.support.AbstractBeanFactory.doGetBean(AbstractBeanFactory.java:251) ]
DEBUG:Returning cached instance of singleton bean 'org.springframework.context.annotation.internalCommonAnnotationProcessor'
2018-10-01 22:10:30 下午 [Thread: main][ Class:org.springframework.beans.factory.support.DefaultListableBeanFactory >> Method: org.springframework.beans.factory.support.DefaultSingletonBeanRegistry.getSingleton(DefaultSingletonBeanRegistry.java:221) ]
DEBUG:Creating shared instance of singleton bean 'org.springframework.context.event.internalEventListenerProcessor'
2018-10-01 22:10:30 下午 [Thread: main][ Class:org.springframework.beans.factory.support.DefaultListableBeanFactory >> Method: org.springframework.beans.factory.support.AbstractAutowireCapableBeanFactory.createBean(AbstractAutowireCapableBeanFactory.java:448) ]
DEBUG:Creating instance of bean 'org.springframework.context.event.internalEventListenerProcessor'
2018-10-01 22:10:30 下午 [Thread: main][ Class:org.springframework.beans.factory.support.DefaultListableBeanFactory >> Method: org.springframework.beans.factory.support.AbstractAutowireCapableBeanFactory.doCreateBean(AbstractAutowireCapableBeanFactory.java:529) ]
DEBUG:Eagerly caching bean 'org.springframework.context.event.internalEventListenerProcessor' to allow for resolving potential circular references
2018-10-01 22:10:30 下午 [Thread: main][ Class:org.springframework.beans.factory.support.DefaultListableBeanFactory >> Method: org.springframework.beans.factory.support.AbstractAutowireCapableBeanFactory.createBean(AbstractAutowireCapableBeanFactory.java:484) ]
DEBUG:Finished creating instance of bean 'org.springframework.context.event.internalEventListenerProcessor'
2018-10-01 22:10:30 下午 [Thread: main][ Class:org.springframework.beans.factory.support.DefaultListableBeanFactory >> Method: org.springframework.beans.factory.support.DefaultSingletonBeanRegistry.getSingleton(DefaultSingletonBeanRegistry.java:221) ]
DEBUG:Creating shared instance of singleton bean 'org.springframework.context.event.internalEventListenerFactory'
2018-10-01 22:10:30 下午 [Thread: main][ Class:org.springframework.beans.factory.support.DefaultListableBeanFactory >> Method: org.springframework.beans.factory.support.AbstractAutowireCapableBeanFactory.createBean(AbstractAutowireCapableBeanFactory.java:448) ]
DEBUG:Creating instance of bean 'org.springframework.context.event.internalEventListenerFactory'
2018-10-01 22:10:30 下午 [Thread: main][ Class:org.springframework.beans.factory.support.DefaultListableBeanFactory >> Method: org.springframework.beans.factory.support.AbstractAutowireCapableBeanFactory.doCreateBean(AbstractAutowireCapableBeanFactory.java:529) ]
DEBUG:Eagerly caching bean 'org.springframework.context.event.internalEventListenerFactory' to allow for resolving potential circular references
2018-10-01 22:10:30 下午 [Thread: main][ Class:org.springframework.beans.factory.support.DefaultListableBeanFactory >> Method: org.springframework.beans.factory.support.AbstractAutowireCapableBeanFactory.createBean(AbstractAutowireCapableBeanFactory.java:484) ]
DEBUG:Finished creating instance of bean 'org.springframework.context.event.internalEventListenerFactory'
2018-10-01 22:10:30 下午 [Thread: main][ Class:org.springframework.beans.factory.support.DefaultListableBeanFactory >> Method: org.springframework.beans.factory.support.AbstractBeanFactory.doGetBean(AbstractBeanFactory.java:251) ]
DEBUG:Returning cached instance of singleton bean 'org.springframework.context.annotation.ConfigurationClassPostProcessor.importAwareProcessor'
2018-10-01 22:10:30 下午 [Thread: main][ Class:org.springframework.beans.factory.support.DefaultListableBeanFactory >> Method: org.springframework.beans.factory.support.AbstractBeanFactory.doGetBean(AbstractBeanFactory.java:251) ]
DEBUG:Returning cached instance of singleton bean 'org.springframework.context.annotation.ConfigurationClassPostProcessor.enhancedConfigurationProcessor'
2018-10-01 22:10:30 下午 [Thread: main][ Class:org.springframework.beans.factory.support.DefaultListableBeanFactory >> Method: org.springframework.beans.factory.support.AbstractBeanFactory.doGetBean(AbstractBeanFactory.java:251) ]
DEBUG:Returning cached instance of singleton bean 'org.springframework.context.event.internalEventListenerFactory'
2018-10-01 22:10:30 下午 [Thread: main][ Class:org.springframework.context.support.GenericApplicationContext >> Method: org.springframework.context.support.AbstractApplicationContext.initLifecycleProcessor(AbstractApplicationContext.java:769) ]
DEBUG:Unable to locate LifecycleProcessor with name 'lifecycleProcessor': using default [org.springframework.context.support.DefaultLifecycleProcessor@e4487af]
2018-10-01 22:10:30 下午 [Thread: main][ Class:org.springframework.beans.factory.support.DefaultListableBeanFactory >> Method: org.springframework.beans.factory.support.AbstractBeanFactory.doGetBean(AbstractBeanFactory.java:251) ]
DEBUG:Returning cached instance of singleton bean 'lifecycleProcessor'
2018-10-01 22:10:30 下午 [Thread: main][ Class:org.springframework.core.env.PropertySourcesPropertyResolver >> Method: org.springframework.core.env.PropertySourcesPropertyResolver.getProperty(PropertySourcesPropertyResolver.java:81) ]
DEBUG:Searching for key 'spring.liveBeansView.mbeanDomain' in [systemProperties]
2018-10-01 22:10:30 下午 [Thread: main][ Class:org.springframework.core.env.PropertySourcesPropertyResolver >> Method: org.springframework.core.env.PropertySourcesPropertyResolver.getProperty(PropertySourcesPropertyResolver.java:81) ]
DEBUG:Searching for key 'spring.liveBeansView.mbeanDomain' in [systemEnvironment]
2018-10-01 22:10:30 下午 [Thread: main][ Class:org.springframework.core.env.PropertySourcesPropertyResolver >> Method: org.springframework.core.env.PropertySourcesPropertyResolver.getProperty(PropertySourcesPropertyResolver.java:103) ]
DEBUG:Could not find key 'spring.liveBeansView.mbeanDomain' in any property source. Returning [null]
2018-10-01 22:10:30 下午 [Thread: main][ Class:org.springframework.test.context.cache.DefaultCacheAwareContextLoaderDelegate >> Method: org.springframework.test.context.cache.DefaultCacheAwareContextLoaderDelegate.loadContext(DefaultCacheAwareContextLoaderDelegate.java:118) ]
DEBUG:Storing ApplicationContext in cache under key [[MergedContextConfiguration@42d80b78 testClass = Demo02, locations = '{classpath:applicationContext.xml}', classes = '{}', contextInitializerClasses = '[]', activeProfiles = '{}', propertySourceLocations = '{}', propertySourceProperties = '{}', contextLoader = 'org.springframework.test.context.support.DelegatingSmartContextLoader', parent = [null]]]
2018-10-01 22:10:30 下午 [Thread: main][ Class:org.springframework.test.context.cache >> Method: org.springframework.test.context.cache.DefaultContextCache.logStatistics(DefaultContextCache.java:247) ]
DEBUG:Spring test ApplicationContext cache statistics: [DefaultContextCache@291b4bf5 size = 1, parentContextCount = 0, hitCount = 0, missCount = 1]
2018-10-01 22:10:30 下午 [Thread: main][ Class:org.springframework.beans.factory.annotation.InjectionMetadata >> Method: org.springframework.beans.factory.annotation.InjectionMetadata.inject(InjectionMetadata.java:86) ]
DEBUG:Processing injected element of bean 'test.Demo02': ResourceElement for private dao.UserDao test.Demo02.userDao
2018-10-01 22:10:30 下午 [Thread: main][ Class:org.springframework.beans.factory.support.DefaultListableBeanFactory >> Method: org.springframework.beans.factory.support.AbstractBeanFactory.doGetBean(AbstractBeanFactory.java:251) ]
DEBUG:Returning cached instance of singleton bean 'userDao'
2018-10-01 22:10:30 下午 [Thread: main][ Class:org.springframework.test.context.support.AbstractDirtiesContextTestExecutionListener >> Method: org.springframework.test.context.support.AbstractDirtiesContextTestExecutionListener.beforeOrAfterTestMethod(AbstractDirtiesContextTestExecutionListener.java:106) ]
DEBUG:Before test method: context [DefaultTestContext@1e88b3c testClass = Demo02, testInstance = test.Demo02@5622fdf, testMethod = test01@Demo02, testException = [null], mergedContextConfiguration = [MergedContextConfiguration@42d80b78 testClass = Demo02, locations = '{classpath:applicationContext.xml}', classes = '{}', contextInitializerClasses = '[]', activeProfiles = '{}', propertySourceLocations = '{}', propertySourceProperties = '{}', contextLoader = 'org.springframework.test.context.support.DelegatingSmartContextLoader', parent = [null]]], class annotated with @DirtiesContext [false] with mode [null], method annotated with @DirtiesContext [false] with mode [null].
2018-10-01 22:10:30 下午 [Thread: main][ Class:org.springframework.jdbc.core.JdbcTemplate >> Method: org.springframework.jdbc.core.JdbcTemplate.update(JdbcTemplate.java:865) ]
DEBUG:Executing prepared SQL update
2018-10-01 22:10:30 下午 [Thread: main][ Class:org.springframework.jdbc.core.JdbcTemplate >> Method: org.springframework.jdbc.core.JdbcTemplate.execute(JdbcTemplate.java:612) ]
DEBUG:Executing prepared SQL statement [INSERT INTO `t_user` VALUES(NULL, ?)]
2018-10-01 22:10:30 下午 [Thread: main][ Class:org.springframework.jdbc.datasource.DataSourceUtils >> Method: org.springframework.jdbc.datasource.DataSourceUtils.doGetConnection(DataSourceUtils.java:110) ]
DEBUG:Fetching JDBC Connection from DataSource
2018-10-01 22:10:30 下午 [Thread: main][ Class:com.mchange.v2.resourcepool.BasicResourcePool >> Method: com.mchange.v2.resourcepool.BasicResourcePool.incrementPendingAcquires(BasicResourcePool.java:404) ]
DEBUG:incremented pending_acquires: 1
2018-10-01 22:10:30 下午 [Thread: main][ Class:com.mchange.v2.resourcepool.BasicResourcePool >> Method: com.mchange.v2.resourcepool.BasicResourcePool.incrementPendingAcquires(BasicResourcePool.java:404) ]
DEBUG:incremented pending_acquires: 2
2018-10-01 22:10:30 下午 [Thread: main][ Class:com.mchange.v2.resourcepool.BasicResourcePool >> Method: com.mchange.v2.resourcepool.BasicResourcePool.incrementPendingAcquires(BasicResourcePool.java:404) ]
DEBUG:incremented pending_acquires: 3
2018-10-01 22:10:30 下午 [Thread: main][ Class:com.mchange.v2.resourcepool.BasicResourcePool >> Method: com.mchange.v2.resourcepool.BasicResourcePool.<init>(BasicResourcePool.java:289) ]
DEBUG:com.mchange.v2.resourcepool.BasicResourcePool@51f116b8 config: [start -> 3; min -> 3; max -> 15; inc -> 3; num_acq_attempts -> 30; acq_attempt_delay -> 1000; check_idle_resources_delay -> 0; mox_resource_age -> 0; max_idle_time -> 0; excess_max_idle_time -> 0; destroy_unreturned_resc_time -> 0; expiration_enforcement_delay -> 0; break_on_acquisition_failure -> false; debug_store_checkout_exceptions -> false]
2018-10-01 22:10:30 下午 [Thread: main][ Class:com.mchange.v2.c3p0.impl.AbstractPoolBackedDataSource >> Method: com.mchange.v2.c3p0.impl.AbstractPoolBackedDataSource.getPoolManager(AbstractPoolBackedDataSource.java:462) ]
INFO:Initializing c3p0 pool... com.mchange.v2.c3p0.ComboPooledDataSource [ acquireIncrement -> 3, acquireRetryAttempts -> 30, acquireRetryDelay -> 1000, autoCommitOnClose -> false, automaticTestTable -> null, breakAfterAcquireFailure -> false, checkoutTimeout -> 0, connectionCustomizerClassName -> null, connectionTesterClassName -> com.mchange.v2.c3p0.impl.DefaultConnectionTester, dataSourceName -> 1hgesxt9ydb4bnx1r88dtr|595b007d, debugUnreturnedConnectionStackTraces -> false, description -> null, driverClass -> com.mysql.cj.jdbc.Driver, factoryClassLocation -> null, forceIgnoreUnresolvedTransactions -> false, identityToken -> 1hgesxt9ydb4bnx1r88dtr|595b007d, idleConnectionTestPeriod -> 0, initialPoolSize -> 3, jdbcUrl -> jdbc:mysql:///spring?useSSL=false&serverTimezone=UTC&characterEncoding=utf8, maxAdministrativeTaskTime -> 0, maxConnectionAge -> 0, maxIdleTime -> 0, maxIdleTimeExcessConnections -> 0, maxPoolSize -> 15, maxStatements -> 0, maxStatementsPerConnection -> 0, minPoolSize -> 3, numHelperThreads -> 3, numThreadsAwaitingCheckoutDefaultUser -> 0, preferredTestQuery -> null, properties -> {user=******, password=******}, propertyCycle -> 0, testConnectionOnCheckin -> false, testConnectionOnCheckout -> false, unreturnedConnectionTimeout -> 0, usesTraditionalReflectiveProxies -> false ]
2018-10-01 22:10:30 下午 [Thread: main][ Class:com.mchange.v2.resourcepool.BasicResourcePool >> Method: com.mchange.v2.resourcepool.BasicResourcePool.prelimCheckoutResource(BasicResourcePool.java:538) ]
DEBUG:acquire test -- pool size: 0; target_pool_size: 3; desired target? 1
2018-10-01 22:10:30 下午 [Thread: main][ Class:com.mchange.v2.resourcepool.BasicResourcePool >> Method: com.mchange.v2.resourcepool.BasicResourcePool.awaitAvailable(BasicResourcePool.java:1291) ]
DEBUG:awaitAvailable(): [unknown]
2018-10-01 22:10:30 下午 [Thread: main][ Class:com.mchange.v2.resourcepool.BasicResourcePool >> Method: com.mchange.v2.resourcepool.BasicResourcePool.trace(BasicResourcePool.java:1644) ]
DEBUG:trace com.mchange.v2.resourcepool.BasicResourcePool@51f116b8 [managed: 0, unused: 0, excluded: 0]
2018-10-01 22:10:31 下午 [Thread: com.mchange.v2.async.ThreadPoolAsynchronousRunner$PoolThread-#0][ Class:com.mchange.v2.c3p0.impl.C3P0PooledConnectionPool >> Method: com.mchange.v2.c3p0.impl.C3P0PooledConnectionPool$1PooledConnectionResourcePoolManager.acquireResource(C3P0PooledConnectionPool.java:217) ]
DEBUG:com.mchange.v2.c3p0.impl.C3P0PooledConnectionPool$1PooledConnectionResourcePoolManager@79e02dd5.acquireResource() returning. 
2018-10-01 22:10:31 下午 [Thread: com.mchange.v2.async.ThreadPoolAsynchronousRunner$PoolThread-#1][ Class:com.mchange.v2.c3p0.impl.C3P0PooledConnectionPool >> Method: com.mchange.v2.c3p0.impl.C3P0PooledConnectionPool$1PooledConnectionResourcePoolManager.acquireResource(C3P0PooledConnectionPool.java:217) ]
DEBUG:com.mchange.v2.c3p0.impl.C3P0PooledConnectionPool$1PooledConnectionResourcePoolManager@79e02dd5.acquireResource() returning. 
2018-10-01 22:10:31 下午 [Thread: com.mchange.v2.async.ThreadPoolAsynchronousRunner$PoolThread-#2][ Class:com.mchange.v2.c3p0.impl.C3P0PooledConnectionPool >> Method: com.mchange.v2.c3p0.impl.C3P0PooledConnectionPool$1PooledConnectionResourcePoolManager.acquireResource(C3P0PooledConnectionPool.java:217) ]
DEBUG:com.mchange.v2.c3p0.impl.C3P0PooledConnectionPool$1PooledConnectionResourcePoolManager@79e02dd5.acquireResource() returning. 
2018-10-01 22:10:31 下午 [Thread: com.mchange.v2.async.ThreadPoolAsynchronousRunner$PoolThread-#0][ Class:com.mchange.v2.resourcepool.BasicResourcePool >> Method: com.mchange.v2.resourcepool.BasicResourcePool.trace(BasicResourcePool.java:1644) ]
DEBUG:trace com.mchange.v2.resourcepool.BasicResourcePool@51f116b8 [managed: 1, unused: 1, excluded: 0]
2018-10-01 22:10:31 下午 [Thread: com.mchange.v2.async.ThreadPoolAsynchronousRunner$PoolThread-#2][ Class:com.mchange.v2.resourcepool.BasicResourcePool >> Method: com.mchange.v2.resourcepool.BasicResourcePool.trace(BasicResourcePool.java:1644) ]
DEBUG:trace com.mchange.v2.resourcepool.BasicResourcePool@51f116b8 [managed: 2, unused: 2, excluded: 0] (e.g. com.mchange.v2.c3p0.impl.NewPooledConnection@63589127)
2018-10-01 22:10:31 下午 [Thread: com.mchange.v2.async.ThreadPoolAsynchronousRunner$PoolThread-#1][ Class:com.mchange.v2.resourcepool.BasicResourcePool >> Method: com.mchange.v2.resourcepool.BasicResourcePool.trace(BasicResourcePool.java:1644) ]
DEBUG:trace com.mchange.v2.resourcepool.BasicResourcePool@51f116b8 [managed: 3, unused: 3, excluded: 0] (e.g. com.mchange.v2.c3p0.impl.NewPooledConnection@63589127)
2018-10-01 22:10:31 下午 [Thread: com.mchange.v2.async.ThreadPoolAsynchronousRunner$PoolThread-#1][ Class:com.mchange.v2.resourcepool.BasicResourcePool >> Method: com.mchange.v2.resourcepool.BasicResourcePool.decrementPendingAcquires(BasicResourcePool.java:422) ]
DEBUG:decremented pending_acquires: 2
2018-10-01 22:10:31 下午 [Thread: com.mchange.v2.async.ThreadPoolAsynchronousRunner$PoolThread-#2][ Class:com.mchange.v2.resourcepool.BasicResourcePool >> Method: com.mchange.v2.resourcepool.BasicResourcePool.decrementPendingAcquires(BasicResourcePool.java:422) ]
DEBUG:decremented pending_acquires: 1
2018-10-01 22:10:31 下午 [Thread: com.mchange.v2.async.ThreadPoolAsynchronousRunner$PoolThread-#0][ Class:com.mchange.v2.resourcepool.BasicResourcePool >> Method: com.mchange.v2.resourcepool.BasicResourcePool.decrementPendingAcquires(BasicResourcePool.java:422) ]
DEBUG:decremented pending_acquires: 0
2018-10-01 22:10:31 下午 [Thread: main][ Class:com.mchange.v2.resourcepool.BasicResourcePool >> Method: com.mchange.v2.resourcepool.BasicResourcePool.trace(BasicResourcePool.java:1644) ]
DEBUG:trace com.mchange.v2.resourcepool.BasicResourcePool@51f116b8 [managed: 3, unused: 2, excluded: 0] (e.g. com.mchange.v2.c3p0.impl.NewPooledConnection@63589127)
2018-10-01 22:10:31 下午 [Thread: main][ Class:org.springframework.jdbc.core.JdbcTemplate >> Method: org.springframework.jdbc.core.JdbcTemplate$2.doInPreparedStatement(JdbcTemplate.java:875) ]
DEBUG:SQL update affected 1 rows
2018-10-01 22:10:31 下午 [Thread: main][ Class:org.springframework.jdbc.datasource.DataSourceUtils >> Method: org.springframework.jdbc.datasource.DataSourceUtils.doReleaseConnection(DataSourceUtils.java:327) ]
DEBUG:Returning JDBC Connection to DataSource
2018-10-01 22:10:31 下午 [Thread: main][ Class:com.mchange.v2.resourcepool.BasicResourcePool >> Method: com.mchange.v2.resourcepool.BasicResourcePool.trace(BasicResourcePool.java:1644) ]
DEBUG:trace com.mchange.v2.resourcepool.BasicResourcePool@51f116b8 [managed: 3, unused: 2, excluded: 0] (e.g. com.mchange.v2.c3p0.impl.NewPooledConnection@63589127)
2018-10-01 22:10:31 下午 [Thread: main][ Class:org.springframework.test.context.support.AbstractDirtiesContextTestExecutionListener >> Method: org.springframework.test.context.support.AbstractDirtiesContextTestExecutionListener.beforeOrAfterTestMethod(AbstractDirtiesContextTestExecutionListener.java:106) ]
DEBUG:After test method: context [DefaultTestContext@1e88b3c testClass = Demo02, testInstance = test.Demo02@5622fdf, testMethod = test01@Demo02, testException = [null], mergedContextConfiguration = [MergedContextConfiguration@42d80b78 testClass = Demo02, locations = '{classpath:applicationContext.xml}', classes = '{}', contextInitializerClasses = '[]', activeProfiles = '{}', propertySourceLocations = '{}', propertySourceProperties = '{}', contextLoader = 'org.springframework.test.context.support.DelegatingSmartContextLoader', parent = [null]]], class annotated with @DirtiesContext [false] with mode [null], method annotated with @DirtiesContext [false] with mode [null].
2018-10-01 22:10:31 下午 [Thread: main][ Class:org.springframework.test.context.support.AbstractDirtiesContextTestExecutionListener >> Method: org.springframework.test.context.support.AbstractDirtiesContextTestExecutionListener.beforeOrAfterTestClass(AbstractDirtiesContextTestExecutionListener.java:141) ]
DEBUG:After test class: context [DefaultTestContext@1e88b3c testClass = Demo02, testInstance = [null], testMethod = [null], testException = [null], mergedContextConfiguration = [MergedContextConfiguration@42d80b78 testClass = Demo02, locations = '{classpath:applicationContext.xml}', classes = '{}', contextInitializerClasses = '[]', activeProfiles = '{}', propertySourceLocations = '{}', propertySourceProperties = '{}', contextLoader = 'org.springframework.test.context.support.DelegatingSmartContextLoader', parent = [null]]], class annotated with @DirtiesContext [false] with mode [null].
2018-10-01 22:10:31 下午 [Thread: Thread-1][ Class:org.springframework.context.support.GenericApplicationContext >> Method: org.springframework.context.support.AbstractApplicationContext.doClose(AbstractApplicationContext.java:960) ]
INFO:Closing org.springframework.context.support.GenericApplicationContext@13805618: startup date [Mon Oct 01 22:10:29 CST 2018]; root of context hierarchy
2018-10-01 22:10:31 下午 [Thread: Thread-1][ Class:org.springframework.beans.factory.support.DefaultListableBeanFactory >> Method: org.springframework.beans.factory.support.AbstractBeanFactory.doGetBean(AbstractBeanFactory.java:251) ]
DEBUG:Returning cached instance of singleton bean 'lifecycleProcessor'
2018-10-01 22:10:31 下午 [Thread: Thread-1][ Class:org.springframework.beans.factory.support.DefaultListableBeanFactory >> Method: org.springframework.beans.factory.support.DefaultSingletonBeanRegistry.destroySingletons(DefaultSingletonBeanRegistry.java:512) ]
DEBUG:Destroying singletons in org.springframework.beans.factory.support.DefaultListableBeanFactory@646be2c3: defining beans [org.springframework.context.support.PropertySourcesPlaceholderConfigurer#0,dataSource,jdbcTemplate,userDao,org.springframework.context.annotation.internalConfigurationAnnotationProcessor,org.springframework.context.annotation.internalAutowiredAnnotationProcessor,org.springframework.context.annotation.internalRequiredAnnotationProcessor,org.springframework.context.annotation.internalCommonAnnotationProcessor,org.springframework.context.event.internalEventListenerProcessor,org.springframework.context.event.internalEventListenerFactory,org.springframework.context.annotation.ConfigurationClassPostProcessor.importAwareProcessor,org.springframework.context.annotation.ConfigurationClassPostProcessor.enhancedConfigurationProcessor]; root of factory hierarchy
2018-10-01 22:10:31 下午 [Thread: Thread-1][ Class:org.springframework.beans.factory.support.DefaultListableBeanFactory >> Method: org.springframework.beans.factory.support.DefaultSingletonBeanRegistry.destroyBean(DefaultSingletonBeanRegistry.java:568) ]
DEBUG:Retrieved dependent beans for bean 'userDao': [test.Demo02]
