2018-10-02 16:53:58 下午 [Thread: main][ Class:org.springframework.test.context.support.DefaultTestContextBootstrapper >> Method: org.springframework.test.context.support.AbstractTestContextBootstrapper.getDefaultTestExecutionListenerClassNames(AbstractTestContextBootstrapper.java:259) ]
INFO:Loaded default TestExecutionListener class names from location [META-INF/spring.factories]: [org.springframework.test.context.web.ServletTestExecutionListener, org.springframework.test.context.support.DirtiesContextBeforeModesTestExecutionListener, org.springframework.test.context.support.DependencyInjectionTestExecutionListener, org.springframework.test.context.support.DirtiesContextTestExecutionListener, org.springframework.test.context.transaction.TransactionalTestExecutionListener, org.springframework.test.context.jdbc.SqlScriptsTestExecutionListener, org.springframework.test.context.web.ServletTestExecutionListener, org.springframework.test.context.support.DirtiesContextBeforeModesTestExecutionListener, org.springframework.test.context.support.DependencyInjectionTestExecutionListener, org.springframework.test.context.support.DirtiesContextTestExecutionListener, org.springframework.test.context.transaction.TransactionalTestExecutionListener, org.springframework.test.context.jdbc.SqlScriptsTestExecutionListener]
2018-10-02 16:53:58 下午 [Thread: main][ Class:org.springframework.test.context.support.DefaultTestContextBootstrapper >> Method: org.springframework.test.context.support.AbstractTestContextBootstrapper.instantiateListeners(AbstractTestContextBootstrapper.java:207) ]
INFO:Could not instantiate TestExecutionListener [org.springframework.test.context.web.ServletTestExecutionListener]. Specify custom listener classes or make the default listener classes (and their required dependencies) available. Offending class: [javax/servlet/ServletContext]
2018-10-02 16:53:58 下午 [Thread: main][ Class:org.springframework.test.context.support.DefaultTestContextBootstrapper >> Method: org.springframework.test.context.support.AbstractTestContextBootstrapper.getTestExecutionListeners(AbstractTestContextBootstrapper.java:185) ]
INFO:Using TestExecutionListeners: [org.springframework.test.context.support.DirtiesContextBeforeModesTestExecutionListener@58651fd0, org.springframework.test.context.support.DependencyInjectionTestExecutionListener@4520ebad, org.springframework.test.context.support.DirtiesContextTestExecutionListener@5419f379, org.springframework.test.context.transaction.TransactionalTestExecutionListener@7dc7cbad, org.springframework.test.context.jdbc.SqlScriptsTestExecutionListener@d2cc05a]
2018-10-02 16:53:59 下午 [Thread: main][ Class:org.springframework.beans.factory.xml.XmlBeanDefinitionReader >> Method: org.springframework.beans.factory.xml.XmlBeanDefinitionReader.loadBeanDefinitions(XmlBeanDefinitionReader.java:317) ]
INFO:Loading XML bean definitions from class path resource [test/applicationContext01.xml]
2018-10-02 16:54:19 下午 [Thread: main][ Class:org.springframework.context.support.GenericApplicationContext >> Method: org.springframework.context.support.AbstractApplicationContext.prepareRefresh(AbstractApplicationContext.java:578) ]
INFO:Refreshing org.springframework.context.support.GenericApplicationContext@13805618: startup date [Tue Oct 02 16:54:19 CST 2018]; root of context hierarchy
2018-10-02 16:54:19 下午 [Thread: main][ Class:org.springframework.context.support.GenericApplicationContext >> Method: org.springframework.context.support.AbstractApplicationContext.refresh(AbstractApplicationContext.java:546) ]
WARN:Exception encountered during context initialization - cancelling refresh attempt: org.springframework.beans.factory.BeanDefinitionStoreException: Failed to parse configuration class [org.springframework.cache.aspectj.AspectJJCacheConfiguration]; nested exception is java.io.FileNotFoundException: class path resource [org/springframework/cache/jcache/config/AbstractJCacheConfiguration.class] cannot be opened because it does not exist
2018-10-02 16:54:19 下午 [Thread: main][ Class:org.springframework.test.context.TestContextManager >> Method: org.springframework.test.context.TestContextManager.prepareTestInstance(TestContextManager.java:231) ]
ERROR:Caught exception while allowing TestExecutionListener [org.springframework.test.context.support.DependencyInjectionTestExecutionListener@4520ebad] to prepare test instance [test.Demo03@5622fdf]
java.lang.IllegalStateException: Failed to load ApplicationContext
	at org.springframework.test.context.cache.DefaultCacheAwareContextLoaderDelegate.loadContext(DefaultCacheAwareContextLoaderDelegate.java:124)
	at org.springframework.test.context.support.DefaultTestContext.getApplicationContext(DefaultTestContext.java:83)
	at org.springframework.test.context.support.DependencyInjectionTestExecutionListener.injectDependencies(DependencyInjectionTestExecutionListener.java:117)
	at org.springframework.test.context.support.DependencyInjectionTestExecutionListener.prepareTestInstance(DependencyInjectionTestExecutionListener.java:83)
	at org.springframework.test.context.TestContextManager.prepareTestInstance(TestContextManager.java:228)
	at org.springframework.test.context.junit4.SpringJUnit4ClassRunner.createTest(SpringJUnit4ClassRunner.java:230)
	at org.springframework.test.context.junit4.SpringJUnit4ClassRunner$1.runReflectiveCall(SpringJUnit4ClassRunner.java:289)
	at org.junit.internal.runners.model.ReflectiveCallable.run(ReflectiveCallable.java:12)
	at org.springframework.test.context.junit4.SpringJUnit4ClassRunner.methodBlock(SpringJUnit4ClassRunner.java:291)
	at org.springframework.test.context.junit4.SpringJUnit4ClassRunner.runChild(SpringJUnit4ClassRunner.java:249)
	at org.springframework.test.context.junit4.SpringJUnit4ClassRunner.runChild(SpringJUnit4ClassRunner.java:89)
	at org.junit.runners.ParentRunner$3.run(ParentRunner.java:290)
	at org.junit.runners.ParentRunner$1.schedule(ParentRunner.java:71)
	at org.junit.runners.ParentRunner.runChildren(ParentRunner.java:288)
	at org.junit.runners.ParentRunner.access$000(ParentRunner.java:58)
	at org.junit.runners.ParentRunner$2.evaluate(ParentRunner.java:268)
	at org.springframework.test.context.junit4.statements.RunBeforeTestClassCallbacks.evaluate(RunBeforeTestClassCallbacks.java:61)
	at org.springframework.test.context.junit4.statements.RunAfterTestClassCallbacks.evaluate(RunAfterTestClassCallbacks.java:70)
	at org.junit.runners.ParentRunner.run(ParentRunner.java:363)
	at org.springframework.test.context.junit4.SpringJUnit4ClassRunner.run(SpringJUnit4ClassRunner.java:193)
	at org.junit.runner.JUnitCore.run(JUnitCore.java:137)
	at com.intellij.junit4.JUnit4IdeaTestRunner.startRunnerWithArgs(JUnit4IdeaTestRunner.java:68)
	at com.intellij.rt.execution.junit.IdeaTestRunner$Repeater.startRunnerWithArgs(IdeaTestRunner.java:47)
	at com.intellij.rt.execution.junit.JUnitStarter.prepareStreamsAndStart(JUnitStarter.java:242)
	at com.intellij.rt.execution.junit.JUnitStarter.main(JUnitStarter.java:70)
Caused by: org.springframework.beans.factory.BeanDefinitionStoreException: Failed to parse configuration class [org.springframework.cache.aspectj.AspectJJCacheConfiguration]; nested exception is java.io.FileNotFoundException: class path resource [org/springframework/cache/jcache/config/AbstractJCacheConfiguration.class] cannot be opened because it does not exist
	at org.springframework.context.annotation.ConfigurationClassParser.parse(ConfigurationClassParser.java:181)
	at org.springframework.context.annotation.ConfigurationClassPostProcessor.processConfigBeanDefinitions(ConfigurationClassPostProcessor.java:321)
	at org.springframework.context.annotation.ConfigurationClassPostProcessor.postProcessBeanDefinitionRegistry(ConfigurationClassPostProcessor.java:243)
	at org.springframework.context.support.PostProcessorRegistrationDelegate.invokeBeanDefinitionRegistryPostProcessors(PostProcessorRegistrationDelegate.java:273)
	at org.springframework.context.support.PostProcessorRegistrationDelegate.invokeBeanFactoryPostProcessors(PostProcessorRegistrationDelegate.java:98)
	at org.springframework.context.support.AbstractApplicationContext.invokeBeanFactoryPostProcessors(AbstractApplicationContext.java:678)
	at org.springframework.context.support.AbstractApplicationContext.refresh(AbstractApplicationContext.java:520)
	at org.springframework.test.context.support.AbstractGenericContextLoader.loadContext(AbstractGenericContextLoader.java:125)
	at org.springframework.test.context.support.AbstractGenericContextLoader.loadContext(AbstractGenericContextLoader.java:60)
	at org.springframework.test.context.support.AbstractDelegatingSmartContextLoader.delegateLoading(AbstractDelegatingSmartContextLoader.java:109)
	at org.springframework.test.context.support.AbstractDelegatingSmartContextLoader.loadContext(AbstractDelegatingSmartContextLoader.java:261)
	at org.springframework.test.context.cache.DefaultCacheAwareContextLoaderDelegate.loadContextInternal(DefaultCacheAwareContextLoaderDelegate.java:98)
	at org.springframework.test.context.cache.DefaultCacheAwareContextLoaderDelegate.loadContext(DefaultCacheAwareContextLoaderDelegate.java:116)
	... 24 more
Caused by: java.io.FileNotFoundException: class path resource [org/springframework/cache/jcache/config/AbstractJCacheConfiguration.class] cannot be opened because it does not exist
	at org.springframework.core.io.ClassPathResource.getInputStream(ClassPathResource.java:172)
	at org.springframework.core.type.classreading.SimpleMetadataReader.<init>(SimpleMetadataReader.java:50)
	at org.springframework.core.type.classreading.SimpleMetadataReaderFactory.getMetadataReader(SimpleMetadataReaderFactory.java:98)
	at org.springframework.core.type.classreading.CachingMetadataReaderFactory.getMetadataReader(CachingMetadataReaderFactory.java:102)
	at org.springframework.core.type.classreading.SimpleMetadataReaderFactory.getMetadataReader(SimpleMetadataReaderFactory.java:93)
	at org.springframework.context.annotation.ConfigurationClassParser.asSourceClass(ConfigurationClassParser.java:620)
	at org.springframework.context.annotation.ConfigurationClassParser$SourceClass.getSuperClass(ConfigurationClassParser.java:800)
	at org.springframework.context.annotation.ConfigurationClassParser.doProcessConfigurationClass(ConfigurationClassParser.java:313)
	at org.springframework.context.annotation.ConfigurationClassParser.processConfigurationClass(ConfigurationClassParser.java:231)
	at org.springframework.context.annotation.ConfigurationClassParser.parse(ConfigurationClassParser.java:198)
	at org.springframework.context.annotation.ConfigurationClassParser.parse(ConfigurationClassParser.java:167)
	... 36 more
2018-10-02 16:56:52 下午 [Thread: main][ Class:org.springframework.test.context.support.DefaultTestContextBootstrapper >> Method: org.springframework.test.context.support.AbstractTestContextBootstrapper.getDefaultTestExecutionListenerClassNames(AbstractTestContextBootstrapper.java:259) ]
INFO:Loaded default TestExecutionListener class names from location [META-INF/spring.factories]: [org.springframework.test.context.web.ServletTestExecutionListener, org.springframework.test.context.support.DirtiesContextBeforeModesTestExecutionListener, org.springframework.test.context.support.DependencyInjectionTestExecutionListener, org.springframework.test.context.support.DirtiesContextTestExecutionListener, org.springframework.test.context.transaction.TransactionalTestExecutionListener, org.springframework.test.context.jdbc.SqlScriptsTestExecutionListener, org.springframework.test.context.web.ServletTestExecutionListener, org.springframework.test.context.support.DirtiesContextBeforeModesTestExecutionListener, org.springframework.test.context.support.DependencyInjectionTestExecutionListener, org.springframework.test.context.support.DirtiesContextTestExecutionListener, org.springframework.test.context.transaction.TransactionalTestExecutionListener, org.springframework.test.context.jdbc.SqlScriptsTestExecutionListener]
2018-10-02 16:56:52 下午 [Thread: main][ Class:org.springframework.test.context.support.DefaultTestContextBootstrapper >> Method: org.springframework.test.context.support.AbstractTestContextBootstrapper.instantiateListeners(AbstractTestContextBootstrapper.java:207) ]
INFO:Could not instantiate TestExecutionListener [org.springframework.test.context.web.ServletTestExecutionListener]. Specify custom listener classes or make the default listener classes (and their required dependencies) available. Offending class: [javax/servlet/ServletContext]
2018-10-02 16:56:52 下午 [Thread: main][ Class:org.springframework.test.context.support.DefaultTestContextBootstrapper >> Method: org.springframework.test.context.support.AbstractTestContextBootstrapper.getTestExecutionListeners(AbstractTestContextBootstrapper.java:185) ]
INFO:Using TestExecutionListeners: [org.springframework.test.context.support.DirtiesContextBeforeModesTestExecutionListener@58651fd0, org.springframework.test.context.support.DependencyInjectionTestExecutionListener@4520ebad, org.springframework.test.context.support.DirtiesContextTestExecutionListener@5419f379, org.springframework.test.context.transaction.TransactionalTestExecutionListener@7dc7cbad, org.springframework.test.context.jdbc.SqlScriptsTestExecutionListener@d2cc05a]
2018-10-02 16:56:52 下午 [Thread: main][ Class:org.springframework.beans.factory.xml.XmlBeanDefinitionReader >> Method: org.springframework.beans.factory.xml.XmlBeanDefinitionReader.loadBeanDefinitions(XmlBeanDefinitionReader.java:317) ]
INFO:Loading XML bean definitions from class path resource [test/applicationContext01.xml]
2018-10-02 16:57:10 下午 [Thread: main][ Class:org.springframework.context.support.GenericApplicationContext >> Method: org.springframework.context.support.AbstractApplicationContext.prepareRefresh(AbstractApplicationContext.java:578) ]
INFO:Refreshing org.springframework.context.support.GenericApplicationContext@13805618: startup date [Tue Oct 02 16:57:10 CST 2018]; root of context hierarchy
2018-10-02 16:57:10 下午 [Thread: main][ Class:org.springframework.context.support.GenericApplicationContext >> Method: org.springframework.context.support.AbstractApplicationContext.refresh(AbstractApplicationContext.java:546) ]
WARN:Exception encountered during context initialization - cancelling refresh attempt: org.springframework.beans.factory.BeanDefinitionStoreException: Failed to parse configuration class [org.springframework.cache.aspectj.AspectJJCacheConfiguration]; nested exception is java.io.FileNotFoundException: class path resource [org/springframework/cache/jcache/config/AbstractJCacheConfiguration.class] cannot be opened because it does not exist
2018-10-02 16:57:10 下午 [Thread: main][ Class:org.springframework.test.context.TestContextManager >> Method: org.springframework.test.context.TestContextManager.prepareTestInstance(TestContextManager.java:231) ]
ERROR:Caught exception while allowing TestExecutionListener [org.springframework.test.context.support.DependencyInjectionTestExecutionListener@4520ebad] to prepare test instance [test.Demo03@5622fdf]
java.lang.IllegalStateException: Failed to load ApplicationContext
	at org.springframework.test.context.cache.DefaultCacheAwareContextLoaderDelegate.loadContext(DefaultCacheAwareContextLoaderDelegate.java:124)
	at org.springframework.test.context.support.DefaultTestContext.getApplicationContext(DefaultTestContext.java:83)
	at org.springframework.test.context.support.DependencyInjectionTestExecutionListener.injectDependencies(DependencyInjectionTestExecutionListener.java:117)
	at org.springframework.test.context.support.DependencyInjectionTestExecutionListener.prepareTestInstance(DependencyInjectionTestExecutionListener.java:83)
	at org.springframework.test.context.TestContextManager.prepareTestInstance(TestContextManager.java:228)
	at org.springframework.test.context.junit4.SpringJUnit4ClassRunner.createTest(SpringJUnit4ClassRunner.java:230)
	at org.springframework.test.context.junit4.SpringJUnit4ClassRunner$1.runReflectiveCall(SpringJUnit4ClassRunner.java:289)
	at org.junit.internal.runners.model.ReflectiveCallable.run(ReflectiveCallable.java:12)
	at org.springframework.test.context.junit4.SpringJUnit4ClassRunner.methodBlock(SpringJUnit4ClassRunner.java:291)
	at org.springframework.test.context.junit4.SpringJUnit4ClassRunner.runChild(SpringJUnit4ClassRunner.java:249)
	at org.springframework.test.context.junit4.SpringJUnit4ClassRunner.runChild(SpringJUnit4ClassRunner.java:89)
	at org.junit.runners.ParentRunner$3.run(ParentRunner.java:290)
	at org.junit.runners.ParentRunner$1.schedule(ParentRunner.java:71)
	at org.junit.runners.ParentRunner.runChildren(ParentRunner.java:288)
	at org.junit.runners.ParentRunner.access$000(ParentRunner.java:58)
	at org.junit.runners.ParentRunner$2.evaluate(ParentRunner.java:268)
	at org.springframework.test.context.junit4.statements.RunBeforeTestClassCallbacks.evaluate(RunBeforeTestClassCallbacks.java:61)
	at org.springframework.test.context.junit4.statements.RunAfterTestClassCallbacks.evaluate(RunAfterTestClassCallbacks.java:70)
	at org.junit.runners.ParentRunner.run(ParentRunner.java:363)
	at org.springframework.test.context.junit4.SpringJUnit4ClassRunner.run(SpringJUnit4ClassRunner.java:193)
	at org.junit.runner.JUnitCore.run(JUnitCore.java:137)
	at com.intellij.junit4.JUnit4IdeaTestRunner.startRunnerWithArgs(JUnit4IdeaTestRunner.java:68)
	at com.intellij.rt.execution.junit.IdeaTestRunner$Repeater.startRunnerWithArgs(IdeaTestRunner.java:47)
	at com.intellij.rt.execution.junit.JUnitStarter.prepareStreamsAndStart(JUnitStarter.java:242)
	at com.intellij.rt.execution.junit.JUnitStarter.main(JUnitStarter.java:70)
Caused by: org.springframework.beans.factory.BeanDefinitionStoreException: Failed to parse configuration class [org.springframework.cache.aspectj.AspectJJCacheConfiguration]; nested exception is java.io.FileNotFoundException: class path resource [org/springframework/cache/jcache/config/AbstractJCacheConfiguration.class] cannot be opened because it does not exist
	at org.springframework.context.annotation.ConfigurationClassParser.parse(ConfigurationClassParser.java:181)
	at org.springframework.context.annotation.ConfigurationClassPostProcessor.processConfigBeanDefinitions(ConfigurationClassPostProcessor.java:321)
	at org.springframework.context.annotation.ConfigurationClassPostProcessor.postProcessBeanDefinitionRegistry(ConfigurationClassPostProcessor.java:243)
	at org.springframework.context.support.PostProcessorRegistrationDelegate.invokeBeanDefinitionRegistryPostProcessors(PostProcessorRegistrationDelegate.java:273)
	at org.springframework.context.support.PostProcessorRegistrationDelegate.invokeBeanFactoryPostProcessors(PostProcessorRegistrationDelegate.java:98)
	at org.springframework.context.support.AbstractApplicationContext.invokeBeanFactoryPostProcessors(AbstractApplicationContext.java:678)
	at org.springframework.context.support.AbstractApplicationContext.refresh(AbstractApplicationContext.java:520)
	at org.springframework.test.context.support.AbstractGenericContextLoader.loadContext(AbstractGenericContextLoader.java:125)
	at org.springframework.test.context.support.AbstractGenericContextLoader.loadContext(AbstractGenericContextLoader.java:60)
	at org.springframework.test.context.support.AbstractDelegatingSmartContextLoader.delegateLoading(AbstractDelegatingSmartContextLoader.java:109)
	at org.springframework.test.context.support.AbstractDelegatingSmartContextLoader.loadContext(AbstractDelegatingSmartContextLoader.java:261)
	at org.springframework.test.context.cache.DefaultCacheAwareContextLoaderDelegate.loadContextInternal(DefaultCacheAwareContextLoaderDelegate.java:98)
	at org.springframework.test.context.cache.DefaultCacheAwareContextLoaderDelegate.loadContext(DefaultCacheAwareContextLoaderDelegate.java:116)
	... 24 more
Caused by: java.io.FileNotFoundException: class path resource [org/springframework/cache/jcache/config/AbstractJCacheConfiguration.class] cannot be opened because it does not exist
	at org.springframework.core.io.ClassPathResource.getInputStream(ClassPathResource.java:172)
	at org.springframework.core.type.classreading.SimpleMetadataReader.<init>(SimpleMetadataReader.java:50)
	at org.springframework.core.type.classreading.SimpleMetadataReaderFactory.getMetadataReader(SimpleMetadataReaderFactory.java:98)
	at org.springframework.core.type.classreading.CachingMetadataReaderFactory.getMetadataReader(CachingMetadataReaderFactory.java:102)
	at org.springframework.core.type.classreading.SimpleMetadataReaderFactory.getMetadataReader(SimpleMetadataReaderFactory.java:93)
	at org.springframework.context.annotation.ConfigurationClassParser.asSourceClass(ConfigurationClassParser.java:620)
	at org.springframework.context.annotation.ConfigurationClassParser$SourceClass.getSuperClass(ConfigurationClassParser.java:800)
	at org.springframework.context.annotation.ConfigurationClassParser.doProcessConfigurationClass(ConfigurationClassParser.java:313)
	at org.springframework.context.annotation.ConfigurationClassParser.processConfigurationClass(ConfigurationClassParser.java:231)
	at org.springframework.context.annotation.ConfigurationClassParser.parse(ConfigurationClassParser.java:198)
	at org.springframework.context.annotation.ConfigurationClassParser.parse(ConfigurationClassParser.java:167)
	... 36 more
2018-10-02 16:58:40 下午 [Thread: main][ Class:org.springframework.test.context.support.DefaultTestContextBootstrapper >> Method: org.springframework.test.context.support.AbstractTestContextBootstrapper.getDefaultTestExecutionListenerClassNames(AbstractTestContextBootstrapper.java:259) ]
INFO:Loaded default TestExecutionListener class names from location [META-INF/spring.factories]: [org.springframework.test.context.web.ServletTestExecutionListener, org.springframework.test.context.support.DirtiesContextBeforeModesTestExecutionListener, org.springframework.test.context.support.DependencyInjectionTestExecutionListener, org.springframework.test.context.support.DirtiesContextTestExecutionListener, org.springframework.test.context.transaction.TransactionalTestExecutionListener, org.springframework.test.context.jdbc.SqlScriptsTestExecutionListener, org.springframework.test.context.web.ServletTestExecutionListener, org.springframework.test.context.support.DirtiesContextBeforeModesTestExecutionListener, org.springframework.test.context.support.DependencyInjectionTestExecutionListener, org.springframework.test.context.support.DirtiesContextTestExecutionListener, org.springframework.test.context.transaction.TransactionalTestExecutionListener, org.springframework.test.context.jdbc.SqlScriptsTestExecutionListener]
2018-10-02 16:58:40 下午 [Thread: main][ Class:org.springframework.test.context.support.DefaultTestContextBootstrapper >> Method: org.springframework.test.context.support.AbstractTestContextBootstrapper.instantiateListeners(AbstractTestContextBootstrapper.java:207) ]
INFO:Could not instantiate TestExecutionListener [org.springframework.test.context.web.ServletTestExecutionListener]. Specify custom listener classes or make the default listener classes (and their required dependencies) available. Offending class: [javax/servlet/ServletContext]
2018-10-02 16:58:40 下午 [Thread: main][ Class:org.springframework.test.context.support.DefaultTestContextBootstrapper >> Method: org.springframework.test.context.support.AbstractTestContextBootstrapper.getTestExecutionListeners(AbstractTestContextBootstrapper.java:185) ]
INFO:Using TestExecutionListeners: [org.springframework.test.context.support.DirtiesContextBeforeModesTestExecutionListener@58651fd0, org.springframework.test.context.support.DependencyInjectionTestExecutionListener@4520ebad, org.springframework.test.context.support.DirtiesContextTestExecutionListener@5419f379, org.springframework.test.context.transaction.TransactionalTestExecutionListener@7dc7cbad, org.springframework.test.context.jdbc.SqlScriptsTestExecutionListener@d2cc05a]
2018-10-02 16:58:40 下午 [Thread: main][ Class:org.springframework.beans.factory.xml.XmlBeanDefinitionReader >> Method: org.springframework.beans.factory.xml.XmlBeanDefinitionReader.loadBeanDefinitions(XmlBeanDefinitionReader.java:317) ]
INFO:Loading XML bean definitions from class path resource [test/applicationContext01.xml]
2018-10-02 16:58:40 下午 [Thread: main][ Class:org.springframework.context.support.GenericApplicationContext >> Method: org.springframework.context.support.AbstractApplicationContext.prepareRefresh(AbstractApplicationContext.java:578) ]
INFO:Refreshing org.springframework.context.support.GenericApplicationContext@13805618: startup date [Tue Oct 02 16:58:40 CST 2018]; root of context hierarchy
2018-10-02 16:58:40 下午 [Thread: main][ Class:org.springframework.context.support.PropertySourcesPlaceholderConfigurer >> Method: org.springframework.core.io.support.PropertiesLoaderSupport.loadProperties(PropertiesLoaderSupport.java:172) ]
INFO:Loading properties file from class path resource [db.properties]
2018-10-02 16:58:40 下午 [Thread: main][ Class:com.mchange.v2.log.MLog >> Method: com.mchange.v2.log.MLog.<clinit>(MLog.java:80) ]
INFO:MLog clients using log4j logging.
2018-10-02 16:58:41 下午 [Thread: main][ Class:com.mchange.v2.c3p0.C3P0Registry >> Method: com.mchange.v2.c3p0.C3P0Registry.banner(C3P0Registry.java:204) ]
INFO:Initializing c3p0-0.9.1.2 [built 21-May-2007 15:04:56; debug? true; trace: 10]
2018-10-02 16:58:41 下午 [Thread: main][ Class:com.mchange.v2.c3p0.impl.AbstractPoolBackedDataSource >> Method: com.mchange.v2.c3p0.impl.AbstractPoolBackedDataSource.getPoolManager(AbstractPoolBackedDataSource.java:462) ]
INFO:Initializing c3p0 pool... com.mchange.v2.c3p0.ComboPooledDataSource [ acquireIncrement -> 3, acquireRetryAttempts -> 30, acquireRetryDelay -> 1000, autoCommitOnClose -> false, automaticTestTable -> null, breakAfterAcquireFailure -> false, checkoutTimeout -> 0, connectionCustomizerClassName -> null, connectionTesterClassName -> com.mchange.v2.c3p0.impl.DefaultConnectionTester, dataSourceName -> 1hgesxt9yeff6l016pckfy|1e800aaa, debugUnreturnedConnectionStackTraces -> false, description -> null, driverClass -> com.mysql.cj.jdbc.Driver, factoryClassLocation -> null, forceIgnoreUnresolvedTransactions -> false, identityToken -> 1hgesxt9yeff6l016pckfy|1e800aaa, idleConnectionTestPeriod -> 0, initialPoolSize -> 3, jdbcUrl -> jdbc:mysql:///spring?useSSL=false&serverTimezone=UTC&characterEncoding=utf8, maxAdministrativeTaskTime -> 0, maxConnectionAge -> 0, maxIdleTime -> 0, maxIdleTimeExcessConnections -> 0, maxPoolSize -> 15, maxStatements -> 0, maxStatementsPerConnection -> 0, minPoolSize -> 3, numHelperThreads -> 3, numThreadsAwaitingCheckoutDefaultUser -> 0, preferredTestQuery -> null, properties -> {user=******, password=******}, propertyCycle -> 0, testConnectionOnCheckin -> false, testConnectionOnCheckout -> false, unreturnedConnectionTimeout -> 0, usesTraditionalReflectiveProxies -> false ]
2018-10-02 16:58:42 下午 [Thread: main][ Class:org.springframework.beans.factory.xml.XmlBeanDefinitionReader >> Method: org.springframework.beans.factory.xml.XmlBeanDefinitionReader.loadBeanDefinitions(XmlBeanDefinitionReader.java:317) ]
INFO:Loading XML bean definitions from class path resource [org/springframework/jdbc/support/sql-error-codes.xml]
2018-10-02 16:58:43 下午 [Thread: main][ Class:org.springframework.jdbc.support.SQLErrorCodesFactory >> Method: org.springframework.jdbc.support.SQLErrorCodesFactory.<init>(SQLErrorCodesFactory.java:126) ]
INFO:SQLErrorCodes loaded: [DB2, Derby, H2, HSQL, Informix, MS-SQL, MySQL, Oracle, PostgreSQL, Sybase, Hana]
2018-10-02 16:58:43 下午 [Thread: Thread-1][ Class:org.springframework.context.support.GenericApplicationContext >> Method: org.springframework.context.support.AbstractApplicationContext.doClose(AbstractApplicationContext.java:960) ]
INFO:Closing org.springframework.context.support.GenericApplicationContext@13805618: startup date [Tue Oct 02 16:58:40 CST 2018]; root of context hierarchy
2018-10-02 16:59:56 下午 [Thread: main][ Class:org.springframework.test.context.support.DefaultTestContextBootstrapper >> Method: org.springframework.test.context.support.AbstractTestContextBootstrapper.getDefaultTestExecutionListenerClassNames(AbstractTestContextBootstrapper.java:259) ]
INFO:Loaded default TestExecutionListener class names from location [META-INF/spring.factories]: [org.springframework.test.context.web.ServletTestExecutionListener, org.springframework.test.context.support.DirtiesContextBeforeModesTestExecutionListener, org.springframework.test.context.support.DependencyInjectionTestExecutionListener, org.springframework.test.context.support.DirtiesContextTestExecutionListener, org.springframework.test.context.transaction.TransactionalTestExecutionListener, org.springframework.test.context.jdbc.SqlScriptsTestExecutionListener, org.springframework.test.context.web.ServletTestExecutionListener, org.springframework.test.context.support.DirtiesContextBeforeModesTestExecutionListener, org.springframework.test.context.support.DependencyInjectionTestExecutionListener, org.springframework.test.context.support.DirtiesContextTestExecutionListener, org.springframework.test.context.transaction.TransactionalTestExecutionListener, org.springframework.test.context.jdbc.SqlScriptsTestExecutionListener]
2018-10-02 16:59:56 下午 [Thread: main][ Class:org.springframework.test.context.support.DefaultTestContextBootstrapper >> Method: org.springframework.test.context.support.AbstractTestContextBootstrapper.instantiateListeners(AbstractTestContextBootstrapper.java:207) ]
INFO:Could not instantiate TestExecutionListener [org.springframework.test.context.web.ServletTestExecutionListener]. Specify custom listener classes or make the default listener classes (and their required dependencies) available. Offending class: [javax/servlet/ServletContext]
2018-10-02 16:59:56 下午 [Thread: main][ Class:org.springframework.test.context.support.DefaultTestContextBootstrapper >> Method: org.springframework.test.context.support.AbstractTestContextBootstrapper.getTestExecutionListeners(AbstractTestContextBootstrapper.java:185) ]
INFO:Using TestExecutionListeners: [org.springframework.test.context.support.DirtiesContextBeforeModesTestExecutionListener@58651fd0, org.springframework.test.context.support.DependencyInjectionTestExecutionListener@4520ebad, org.springframework.test.context.support.DirtiesContextTestExecutionListener@5419f379, org.springframework.test.context.transaction.TransactionalTestExecutionListener@7dc7cbad, org.springframework.test.context.jdbc.SqlScriptsTestExecutionListener@d2cc05a]
2018-10-02 16:59:56 下午 [Thread: main][ Class:org.springframework.beans.factory.xml.XmlBeanDefinitionReader >> Method: org.springframework.beans.factory.xml.XmlBeanDefinitionReader.loadBeanDefinitions(XmlBeanDefinitionReader.java:317) ]
INFO:Loading XML bean definitions from class path resource [test/applicationContext01.xml]
2018-10-02 16:59:56 下午 [Thread: main][ Class:org.springframework.context.support.GenericApplicationContext >> Method: org.springframework.context.support.AbstractApplicationContext.prepareRefresh(AbstractApplicationContext.java:578) ]
INFO:Refreshing org.springframework.context.support.GenericApplicationContext@13805618: startup date [Tue Oct 02 16:59:56 CST 2018]; root of context hierarchy
2018-10-02 16:59:57 下午 [Thread: main][ Class:org.springframework.context.support.PropertySourcesPlaceholderConfigurer >> Method: org.springframework.core.io.support.PropertiesLoaderSupport.loadProperties(PropertiesLoaderSupport.java:172) ]
INFO:Loading properties file from class path resource [db.properties]
2018-10-02 16:59:57 下午 [Thread: main][ Class:com.mchange.v2.log.MLog >> Method: com.mchange.v2.log.MLog.<clinit>(MLog.java:80) ]
INFO:MLog clients using log4j logging.
2018-10-02 16:59:57 下午 [Thread: main][ Class:com.mchange.v2.c3p0.C3P0Registry >> Method: com.mchange.v2.c3p0.C3P0Registry.banner(C3P0Registry.java:204) ]
INFO:Initializing c3p0-0.9.1.2 [built 21-May-2007 15:04:56; debug? true; trace: 10]
2018-10-02 16:59:58 下午 [Thread: main][ Class:com.mchange.v2.c3p0.impl.AbstractPoolBackedDataSource >> Method: com.mchange.v2.c3p0.impl.AbstractPoolBackedDataSource.getPoolManager(AbstractPoolBackedDataSource.java:462) ]
INFO:Initializing c3p0 pool... com.mchange.v2.c3p0.ComboPooledDataSource [ acquireIncrement -> 3, acquireRetryAttempts -> 30, acquireRetryDelay -> 1000, autoCommitOnClose -> false, automaticTestTable -> null, breakAfterAcquireFailure -> false, checkoutTimeout -> 0, connectionCustomizerClassName -> null, connectionTesterClassName -> com.mchange.v2.c3p0.impl.DefaultConnectionTester, dataSourceName -> 1hgesxt9yefgtei1mfi64v|1e800aaa, debugUnreturnedConnectionStackTraces -> false, description -> null, driverClass -> com.mysql.cj.jdbc.Driver, factoryClassLocation -> null, forceIgnoreUnresolvedTransactions -> false, identityToken -> 1hgesxt9yefgtei1mfi64v|1e800aaa, idleConnectionTestPeriod -> 0, initialPoolSize -> 3, jdbcUrl -> jdbc:mysql:///spring?useSSL=false&serverTimezone=UTC&characterEncoding=utf8, maxAdministrativeTaskTime -> 0, maxConnectionAge -> 0, maxIdleTime -> 0, maxIdleTimeExcessConnections -> 0, maxPoolSize -> 15, maxStatements -> 0, maxStatementsPerConnection -> 0, minPoolSize -> 3, numHelperThreads -> 3, numThreadsAwaitingCheckoutDefaultUser -> 0, preferredTestQuery -> null, properties -> {user=******, password=******}, propertyCycle -> 0, testConnectionOnCheckin -> false, testConnectionOnCheckout -> false, unreturnedConnectionTimeout -> 0, usesTraditionalReflectiveProxies -> false ]
2018-10-02 16:59:58 下午 [Thread: Thread-1][ Class:org.springframework.context.support.GenericApplicationContext >> Method: org.springframework.context.support.AbstractApplicationContext.doClose(AbstractApplicationContext.java:960) ]
INFO:Closing org.springframework.context.support.GenericApplicationContext@13805618: startup date [Tue Oct 02 16:59:56 CST 2018]; root of context hierarchy
2018-10-02 17:00:50 下午 [Thread: main][ Class:org.springframework.test.context.support.DefaultTestContextBootstrapper >> Method: org.springframework.test.context.support.AbstractTestContextBootstrapper.getDefaultTestExecutionListenerClassNames(AbstractTestContextBootstrapper.java:259) ]
INFO:Loaded default TestExecutionListener class names from location [META-INF/spring.factories]: [org.springframework.test.context.web.ServletTestExecutionListener, org.springframework.test.context.support.DirtiesContextBeforeModesTestExecutionListener, org.springframework.test.context.support.DependencyInjectionTestExecutionListener, org.springframework.test.context.support.DirtiesContextTestExecutionListener, org.springframework.test.context.transaction.TransactionalTestExecutionListener, org.springframework.test.context.jdbc.SqlScriptsTestExecutionListener, org.springframework.test.context.web.ServletTestExecutionListener, org.springframework.test.context.support.DirtiesContextBeforeModesTestExecutionListener, org.springframework.test.context.support.DependencyInjectionTestExecutionListener, org.springframework.test.context.support.DirtiesContextTestExecutionListener, org.springframework.test.context.transaction.TransactionalTestExecutionListener, org.springframework.test.context.jdbc.SqlScriptsTestExecutionListener]
2018-10-02 17:00:50 下午 [Thread: main][ Class:org.springframework.test.context.support.DefaultTestContextBootstrapper >> Method: org.springframework.test.context.support.AbstractTestContextBootstrapper.instantiateListeners(AbstractTestContextBootstrapper.java:207) ]
INFO:Could not instantiate TestExecutionListener [org.springframework.test.context.web.ServletTestExecutionListener]. Specify custom listener classes or make the default listener classes (and their required dependencies) available. Offending class: [javax/servlet/ServletContext]
2018-10-02 17:00:50 下午 [Thread: main][ Class:org.springframework.test.context.support.DefaultTestContextBootstrapper >> Method: org.springframework.test.context.support.AbstractTestContextBootstrapper.getTestExecutionListeners(AbstractTestContextBootstrapper.java:185) ]
INFO:Using TestExecutionListeners: [org.springframework.test.context.support.DirtiesContextBeforeModesTestExecutionListener@58651fd0, org.springframework.test.context.support.DependencyInjectionTestExecutionListener@4520ebad, org.springframework.test.context.support.DirtiesContextTestExecutionListener@5419f379, org.springframework.test.context.transaction.TransactionalTestExecutionListener@7dc7cbad, org.springframework.test.context.jdbc.SqlScriptsTestExecutionListener@d2cc05a]
2018-10-02 17:00:51 下午 [Thread: main][ Class:org.springframework.beans.factory.xml.XmlBeanDefinitionReader >> Method: org.springframework.beans.factory.xml.XmlBeanDefinitionReader.loadBeanDefinitions(XmlBeanDefinitionReader.java:317) ]
INFO:Loading XML bean definitions from class path resource [test/applicationContext01.xml]
2018-10-02 17:00:51 下午 [Thread: main][ Class:org.springframework.context.support.GenericApplicationContext >> Method: org.springframework.context.support.AbstractApplicationContext.prepareRefresh(AbstractApplicationContext.java:578) ]
INFO:Refreshing org.springframework.context.support.GenericApplicationContext@13805618: startup date [Tue Oct 02 17:00:51 CST 2018]; root of context hierarchy
2018-10-02 17:00:51 下午 [Thread: main][ Class:org.springframework.context.support.PropertySourcesPlaceholderConfigurer >> Method: org.springframework.core.io.support.PropertiesLoaderSupport.loadProperties(PropertiesLoaderSupport.java:172) ]
INFO:Loading properties file from class path resource [db.properties]
2018-10-02 17:00:51 下午 [Thread: main][ Class:com.mchange.v2.log.MLog >> Method: com.mchange.v2.log.MLog.<clinit>(MLog.java:80) ]
INFO:MLog clients using log4j logging.
2018-10-02 17:00:52 下午 [Thread: main][ Class:com.mchange.v2.c3p0.C3P0Registry >> Method: com.mchange.v2.c3p0.C3P0Registry.banner(C3P0Registry.java:204) ]
INFO:Initializing c3p0-0.9.1.2 [built 21-May-2007 15:04:56; debug? true; trace: 10]
2018-10-02 17:00:52 下午 [Thread: main][ Class:com.mchange.v2.c3p0.impl.AbstractPoolBackedDataSource >> Method: com.mchange.v2.c3p0.impl.AbstractPoolBackedDataSource.getPoolManager(AbstractPoolBackedDataSource.java:462) ]
INFO:Initializing c3p0 pool... com.mchange.v2.c3p0.ComboPooledDataSource [ acquireIncrement -> 3, acquireRetryAttempts -> 30, acquireRetryDelay -> 1000, autoCommitOnClose -> false, automaticTestTable -> null, breakAfterAcquireFailure -> false, checkoutTimeout -> 0, connectionCustomizerClassName -> null, connectionTesterClassName -> com.mchange.v2.c3p0.impl.DefaultConnectionTester, dataSourceName -> 1hgesxt9yefhzip1us3370|1e800aaa, debugUnreturnedConnectionStackTraces -> false, description -> null, driverClass -> com.mysql.cj.jdbc.Driver, factoryClassLocation -> null, forceIgnoreUnresolvedTransactions -> false, identityToken -> 1hgesxt9yefhzip1us3370|1e800aaa, idleConnectionTestPeriod -> 0, initialPoolSize -> 3, jdbcUrl -> jdbc:mysql:///spring?useSSL=false&serverTimezone=UTC&characterEncoding=utf8, maxAdministrativeTaskTime -> 0, maxConnectionAge -> 0, maxIdleTime -> 0, maxIdleTimeExcessConnections -> 0, maxPoolSize -> 15, maxStatements -> 0, maxStatementsPerConnection -> 0, minPoolSize -> 3, numHelperThreads -> 3, numThreadsAwaitingCheckoutDefaultUser -> 0, preferredTestQuery -> null, properties -> {user=******, password=******}, propertyCycle -> 0, testConnectionOnCheckin -> false, testConnectionOnCheckout -> false, unreturnedConnectionTimeout -> 0, usesTraditionalReflectiveProxies -> false ]
2018-10-02 17:00:53 下午 [Thread: Thread-1][ Class:org.springframework.context.support.GenericApplicationContext >> Method: org.springframework.context.support.AbstractApplicationContext.doClose(AbstractApplicationContext.java:960) ]
INFO:Closing org.springframework.context.support.GenericApplicationContext@13805618: startup date [Tue Oct 02 17:00:51 CST 2018]; root of context hierarchy
2018-10-02 17:01:20 下午 [Thread: main][ Class:org.springframework.test.context.support.DefaultTestContextBootstrapper >> Method: org.springframework.test.context.support.AbstractTestContextBootstrapper.getDefaultTestExecutionListenerClassNames(AbstractTestContextBootstrapper.java:259) ]
INFO:Loaded default TestExecutionListener class names from location [META-INF/spring.factories]: [org.springframework.test.context.web.ServletTestExecutionListener, org.springframework.test.context.support.DirtiesContextBeforeModesTestExecutionListener, org.springframework.test.context.support.DependencyInjectionTestExecutionListener, org.springframework.test.context.support.DirtiesContextTestExecutionListener, org.springframework.test.context.transaction.TransactionalTestExecutionListener, org.springframework.test.context.jdbc.SqlScriptsTestExecutionListener, org.springframework.test.context.web.ServletTestExecutionListener, org.springframework.test.context.support.DirtiesContextBeforeModesTestExecutionListener, org.springframework.test.context.support.DependencyInjectionTestExecutionListener, org.springframework.test.context.support.DirtiesContextTestExecutionListener, org.springframework.test.context.transaction.TransactionalTestExecutionListener, org.springframework.test.context.jdbc.SqlScriptsTestExecutionListener]
2018-10-02 17:01:20 下午 [Thread: main][ Class:org.springframework.test.context.support.DefaultTestContextBootstrapper >> Method: org.springframework.test.context.support.AbstractTestContextBootstrapper.instantiateListeners(AbstractTestContextBootstrapper.java:207) ]
INFO:Could not instantiate TestExecutionListener [org.springframework.test.context.web.ServletTestExecutionListener]. Specify custom listener classes or make the default listener classes (and their required dependencies) available. Offending class: [javax/servlet/ServletContext]
2018-10-02 17:01:20 下午 [Thread: main][ Class:org.springframework.test.context.support.DefaultTestContextBootstrapper >> Method: org.springframework.test.context.support.AbstractTestContextBootstrapper.getTestExecutionListeners(AbstractTestContextBootstrapper.java:185) ]
INFO:Using TestExecutionListeners: [org.springframework.test.context.support.DirtiesContextBeforeModesTestExecutionListener@58651fd0, org.springframework.test.context.support.DependencyInjectionTestExecutionListener@4520ebad, org.springframework.test.context.support.DirtiesContextTestExecutionListener@5419f379, org.springframework.test.context.transaction.TransactionalTestExecutionListener@7dc7cbad, org.springframework.test.context.jdbc.SqlScriptsTestExecutionListener@d2cc05a]
2018-10-02 17:01:20 下午 [Thread: main][ Class:org.springframework.beans.factory.xml.XmlBeanDefinitionReader >> Method: org.springframework.beans.factory.xml.XmlBeanDefinitionReader.loadBeanDefinitions(XmlBeanDefinitionReader.java:317) ]
INFO:Loading XML bean definitions from class path resource [test/applicationContext01.xml]
2018-10-02 17:01:20 下午 [Thread: main][ Class:org.springframework.context.support.GenericApplicationContext >> Method: org.springframework.context.support.AbstractApplicationContext.prepareRefresh(AbstractApplicationContext.java:578) ]
INFO:Refreshing org.springframework.context.support.GenericApplicationContext@13805618: startup date [Tue Oct 02 17:01:20 CST 2018]; root of context hierarchy
2018-10-02 17:01:20 下午 [Thread: main][ Class:org.springframework.context.support.PropertySourcesPlaceholderConfigurer >> Method: org.springframework.core.io.support.PropertiesLoaderSupport.loadProperties(PropertiesLoaderSupport.java:172) ]
INFO:Loading properties file from class path resource [db.properties]
2018-10-02 17:01:21 下午 [Thread: main][ Class:com.mchange.v2.log.MLog >> Method: com.mchange.v2.log.MLog.<clinit>(MLog.java:80) ]
INFO:MLog clients using log4j logging.
2018-10-02 17:01:21 下午 [Thread: main][ Class:com.mchange.v2.c3p0.C3P0Registry >> Method: com.mchange.v2.c3p0.C3P0Registry.banner(C3P0Registry.java:204) ]
INFO:Initializing c3p0-0.9.1.2 [built 21-May-2007 15:04:56; debug? true; trace: 10]
2018-10-02 17:01:22 下午 [Thread: main][ Class:com.mchange.v2.c3p0.impl.AbstractPoolBackedDataSource >> Method: com.mchange.v2.c3p0.impl.AbstractPoolBackedDataSource.getPoolManager(AbstractPoolBackedDataSource.java:462) ]
INFO:Initializing c3p0 pool... com.mchange.v2.c3p0.ComboPooledDataSource [ acquireIncrement -> 3, acquireRetryAttempts -> 30, acquireRetryDelay -> 1000, autoCommitOnClose -> false, automaticTestTable -> null, breakAfterAcquireFailure -> false, checkoutTimeout -> 0, connectionCustomizerClassName -> null, connectionTesterClassName -> com.mchange.v2.c3p0.impl.DefaultConnectionTester, dataSourceName -> 1hgesxt9yefim6d145ty46|1e800aaa, debugUnreturnedConnectionStackTraces -> false, description -> null, driverClass -> com.mysql.cj.jdbc.Driver, factoryClassLocation -> null, forceIgnoreUnresolvedTransactions -> false, identityToken -> 1hgesxt9yefim6d145ty46|1e800aaa, idleConnectionTestPeriod -> 0, initialPoolSize -> 3, jdbcUrl -> jdbc:mysql:///spring?useSSL=false&serverTimezone=UTC&characterEncoding=utf8, maxAdministrativeTaskTime -> 0, maxConnectionAge -> 0, maxIdleTime -> 0, maxIdleTimeExcessConnections -> 0, maxPoolSize -> 15, maxStatements -> 0, maxStatementsPerConnection -> 0, minPoolSize -> 3, numHelperThreads -> 3, numThreadsAwaitingCheckoutDefaultUser -> 0, preferredTestQuery -> null, properties -> {user=******, password=******}, propertyCycle -> 0, testConnectionOnCheckin -> false, testConnectionOnCheckout -> false, unreturnedConnectionTimeout -> 0, usesTraditionalReflectiveProxies -> false ]
2018-10-02 17:01:22 下午 [Thread: Thread-1][ Class:org.springframework.context.support.GenericApplicationContext >> Method: org.springframework.context.support.AbstractApplicationContext.doClose(AbstractApplicationContext.java:960) ]
INFO:Closing org.springframework.context.support.GenericApplicationContext@13805618: startup date [Tue Oct 02 17:01:20 CST 2018]; root of context hierarchy
2018-10-02 17:25:49 下午 [Thread: main][ Class:org.springframework.test.context.support.DefaultTestContextBootstrapper >> Method: org.springframework.test.context.support.AbstractTestContextBootstrapper.getDefaultTestExecutionListenerClassNames(AbstractTestContextBootstrapper.java:259) ]
INFO:Loaded default TestExecutionListener class names from location [META-INF/spring.factories]: [org.springframework.test.context.web.ServletTestExecutionListener, org.springframework.test.context.support.DirtiesContextBeforeModesTestExecutionListener, org.springframework.test.context.support.DependencyInjectionTestExecutionListener, org.springframework.test.context.support.DirtiesContextTestExecutionListener, org.springframework.test.context.transaction.TransactionalTestExecutionListener, org.springframework.test.context.jdbc.SqlScriptsTestExecutionListener, org.springframework.test.context.web.ServletTestExecutionListener, org.springframework.test.context.support.DirtiesContextBeforeModesTestExecutionListener, org.springframework.test.context.support.DependencyInjectionTestExecutionListener, org.springframework.test.context.support.DirtiesContextTestExecutionListener, org.springframework.test.context.transaction.TransactionalTestExecutionListener, org.springframework.test.context.jdbc.SqlScriptsTestExecutionListener]
2018-10-02 17:25:49 下午 [Thread: main][ Class:org.springframework.test.context.support.DefaultTestContextBootstrapper >> Method: org.springframework.test.context.support.AbstractTestContextBootstrapper.instantiateListeners(AbstractTestContextBootstrapper.java:207) ]
INFO:Could not instantiate TestExecutionListener [org.springframework.test.context.web.ServletTestExecutionListener]. Specify custom listener classes or make the default listener classes (and their required dependencies) available. Offending class: [javax/servlet/ServletContext]
2018-10-02 17:25:49 下午 [Thread: main][ Class:org.springframework.test.context.support.DefaultTestContextBootstrapper >> Method: org.springframework.test.context.support.AbstractTestContextBootstrapper.getTestExecutionListeners(AbstractTestContextBootstrapper.java:185) ]
INFO:Using TestExecutionListeners: [org.springframework.test.context.support.DirtiesContextBeforeModesTestExecutionListener@58651fd0, org.springframework.test.context.support.DependencyInjectionTestExecutionListener@4520ebad, org.springframework.test.context.support.DirtiesContextTestExecutionListener@5419f379, org.springframework.test.context.transaction.TransactionalTestExecutionListener@7dc7cbad, org.springframework.test.context.jdbc.SqlScriptsTestExecutionListener@d2cc05a]
2018-10-02 17:25:49 下午 [Thread: main][ Class:org.springframework.beans.factory.xml.XmlBeanDefinitionReader >> Method: org.springframework.beans.factory.xml.XmlBeanDefinitionReader.loadBeanDefinitions(XmlBeanDefinitionReader.java:317) ]
INFO:Loading XML bean definitions from class path resource [test/applicationContext01.xml]
2018-10-02 17:25:49 下午 [Thread: main][ Class:org.springframework.context.support.GenericApplicationContext >> Method: org.springframework.context.support.AbstractApplicationContext.prepareRefresh(AbstractApplicationContext.java:578) ]
INFO:Refreshing org.springframework.context.support.GenericApplicationContext@13805618: startup date [Tue Oct 02 17:25:49 CST 2018]; root of context hierarchy
2018-10-02 17:25:49 下午 [Thread: main][ Class:org.springframework.context.support.PropertySourcesPlaceholderConfigurer >> Method: org.springframework.core.io.support.PropertiesLoaderSupport.loadProperties(PropertiesLoaderSupport.java:172) ]
INFO:Loading properties file from class path resource [db.properties]
2018-10-02 17:25:50 下午 [Thread: main][ Class:com.mchange.v2.log.MLog >> Method: com.mchange.v2.log.MLog.<clinit>(MLog.java:80) ]
INFO:MLog clients using log4j logging.
2018-10-02 17:25:50 下午 [Thread: main][ Class:com.mchange.v2.c3p0.C3P0Registry >> Method: com.mchange.v2.c3p0.C3P0Registry.banner(C3P0Registry.java:204) ]
INFO:Initializing c3p0-0.9.1.2 [built 21-May-2007 15:04:56; debug? true; trace: 10]
2018-10-02 17:25:51 下午 [Thread: main][ Class:com.mchange.v2.c3p0.impl.AbstractPoolBackedDataSource >> Method: com.mchange.v2.c3p0.impl.AbstractPoolBackedDataSource.getPoolManager(AbstractPoolBackedDataSource.java:462) ]
INFO:Initializing c3p0 pool... com.mchange.v2.c3p0.ComboPooledDataSource [ acquireIncrement -> 3, acquireRetryAttempts -> 30, acquireRetryDelay -> 1000, autoCommitOnClose -> false, automaticTestTable -> null, breakAfterAcquireFailure -> false, checkoutTimeout -> 0, connectionCustomizerClassName -> null, connectionTesterClassName -> com.mchange.v2.c3p0.impl.DefaultConnectionTester, dataSourceName -> 1hgesxt9yege3op12zzrlz|1e800aaa, debugUnreturnedConnectionStackTraces -> false, description -> null, driverClass -> com.mysql.cj.jdbc.Driver, factoryClassLocation -> null, forceIgnoreUnresolvedTransactions -> false, identityToken -> 1hgesxt9yege3op12zzrlz|1e800aaa, idleConnectionTestPeriod -> 0, initialPoolSize -> 3, jdbcUrl -> jdbc:mysql:///spring?useSSL=false&serverTimezone=UTC&characterEncoding=utf8, maxAdministrativeTaskTime -> 0, maxConnectionAge -> 0, maxIdleTime -> 0, maxIdleTimeExcessConnections -> 0, maxPoolSize -> 15, maxStatements -> 0, maxStatementsPerConnection -> 0, minPoolSize -> 3, numHelperThreads -> 3, numThreadsAwaitingCheckoutDefaultUser -> 0, preferredTestQuery -> null, properties -> {user=******, password=******}, propertyCycle -> 0, testConnectionOnCheckin -> false, testConnectionOnCheckout -> false, unreturnedConnectionTimeout -> 0, usesTraditionalReflectiveProxies -> false ]
2018-10-02 17:25:51 下午 [Thread: Thread-1][ Class:org.springframework.context.support.GenericApplicationContext >> Method: org.springframework.context.support.AbstractApplicationContext.doClose(AbstractApplicationContext.java:960) ]
INFO:Closing org.springframework.context.support.GenericApplicationContext@13805618: startup date [Tue Oct 02 17:25:49 CST 2018]; root of context hierarchy
